#
# There is insufficient memory for the Java Runtime Environment to continue.
# Native memory allocation (mmap) failed to map 130023424 bytes. Error detail: G1 virtual space
# Possible reasons:
#   The system is out of physical RAM or swap space
#   This process is running with CompressedOops enabled, and the Java Heap may be blocking the growth of the native heap
# Possible solutions:
#   Reduce memory load on the system
#   Increase physical memory or swap space
#   Check if swap backing store is full
#   Decrease Java heap size (-Xmx/-Xms)
#   Decrease number of Java threads
#   Decrease Java thread stack sizes (-Xss)
#   Set larger code cache with -XX:ReservedCodeCacheSize=
#   JVM is running with Unscaled Compressed Oops mode in which the Java heap is
#     placed in the first 4GB address space. The Java Heap base address is the
#     maximum limit for the native heap growth. Please use -XX:HeapBaseMinAddress
#     to set the Java Heap base and to place the Java Heap above 4GB virtual address.
# This output file may be truncated or incomplete.
#
#  Out of Memory Error (os_windows.cpp:3631), pid=17656, tid=4864
#
# JRE version:  (22.0.1+8) (build )
# Java VM: Java HotSpot(TM) 64-Bit Server VM (22.0.1+8-16, mixed mode, sharing, tiered, compressed oops, compressed class ptrs, g1 gc, windows-amd64)
# No core dump will be written. Minidumps are not enabled by default on client versions of Windows
#

---------------  S U M M A R Y ------------

Command Line: -Dfile.encoding=UTF-8 --module-path=C:\Users\DUBAI LAPTOP BAZAR\Documents\NetBeansProjects\University Management System\build\classes university.management.system.Project

Host: Intel(R) Core(TM) i5-8365U CPU @ 1.60GHz, 8 cores, 7G,  Windows 10 , 64 bit Build 19041 (10.0.19041.5198)
Time: Tue Jan 14 20:20:26 2025 Bangladesh Standard Time elapsed time: 0.013432 seconds (0d 0h 0m 0s)

---------------  T H R E A D  ---------------

Current thread (0x0000017e16c5d1a0):  JavaThread "Unknown thread" [_thread_in_vm, id=4864, stack(0x0000004fedb00000,0x0000004fedc00000) (1024K)]

Stack: [0x0000004fedb00000,0x0000004fedc00000]
Native frames: (J=compiled Java code, j=interpreted, Vv=VM code, C=native code)
V  [jvm.dll+0x6e2279]  (no source info available)
V  [jvm.dll+0x874e33]  (no source info available)
V  [jvm.dll+0x87725e]  (no source info available)
V  [jvm.dll+0x877933]  (no source info available)
V  [jvm.dll+0x27fd76]  (no source info available)
V  [jvm.dll+0x6de915]  (no source info available)
V  [jvm.dll+0x6d341a]  (no source info available)
V  [jvm.dll+0x3589da]  (no source info available)
V  [jvm.dll+0x360f06]  (no source info available)
V  [jvm.dll+0x3b3e2e]  (no source info available)
V  [jvm.dll+0x3b40d8]  (no source info available)
V  [jvm.dll+0x32c59c]  (no source info available)
V  [jvm.dll+0x32d158]  (no source info available)
V  [jvm.dll+0x83ccdc]  (no source info available)
V  [jvm.dll+0x3c0d71]  (no source info available)
V  [jvm.dll+0x825ccc]  (no source info available)
V  [jvm.dll+0x45b8fe]  (no source info available)
V  [jvm.dll+0x45d781]  (no source info available)
C  [jli.dll+0x52a3]  (no source info available)
C  [ucrtbase.dll+0x21bb2]  (no source info available)
C  [KERNEL32.DLL+0x17374]  (no source info available)
C  [ntdll.dll+0x4cc91]  (no source info available)


---------------  P R O C E S S  ---------------

Threads class SMR info:
_java_thread_list=0x00007ffd421eb1c8, length=0, elements={
}

Java Threads: ( => current thread )
Total: 0

Other Threads:
  0x0000017e18dca2c0 WorkerThread "GC Thread#0"                     [id=21364, stack(0x0000004fedc00000,0x0000004fedd00000) (1024K)]
  0x0000017e18ddc3e0 ConcurrentGCThread "G1 Main Marker"            [id=17768, stack(0x0000004fedd00000,0x0000004fede00000) (1024K)]
  0x0000017e18ddceb0 WorkerThread "G1 Conc#0"                       [id=4220, stack(0x0000004fede00000,0x0000004fedf00000) (1024K)]

[error occurred during error reporting (printing all threads), id 0xc0000005, EXCEPTION_ACCESS_VIOLATION (0xc0000005) at pc=0x00007ffd4193f367]
VM state: not at safepoint (not fully initialized)

VM Mutex/Monitor currently owned by a thread:  ([mutex/lock_event])
[0x00007ffd4226bcb8] Heap_lock - owner thread: 0x0000017e16c5d1a0

Heap address: 0x0000000084800000, size: 1976 MB, Compressed Oops mode: 32-bit

CDS archive(s) mapped at: [0x0000000000000000-0x0000000000000000-0x0000000000000000), size 0, SharedBaseAddress: 0x0000000800000000, ArchiveRelocationMode: 1.
Narrow klass base: 0x0000000000000000, Narrow klass shift: 0, Narrow klass range: 0x0

GC Precious Log:
 CardTable entry size: 512
 Card Set container configuration: InlinePtr #cards 5 size 8 Array Of Cards #cards 12 size 40 Howl #buckets 4 coarsen threshold 1843 Howl Bitmap #cards 512 size 80 coarsen threshold 460 Card regions per heap region 1 cards per card region 2048

Heap:
 garbage-first heap   total reserved 2023424K, committed 0K, used 0K [0x0000000084800000, 0x0000000100000000)
  region size 1024K, 0 young (0K), 0 survivors (0K)

[error occurred during error reporting (printing heap information), id 0xc0000005, EXCEPTION_ACCESS_VIOLATION (0xc0000005) at pc=0x00007ffd41d3e429]
GC Heap History (0 events):
No events

Dll operation events (1 events):
Event: 0.007 Loaded shared library C:\Program Files\Java\jdk-22\bin\java.dll

Deoptimization events (0 events):
No events

Classes loaded (0 events):
No events

Classes unloaded (0 events):
No events

Classes redefined (0 events):
No events

Internal exceptions (0 events):
No events

ZGC Phase Switch (0 events):
No events

VM Operations (0 events):
No events

Events (0 events):
No events


Dynamic libraries:
0x00007ff7818d0000 - 0x00007ff7818e0000 	C:\Program Files\Java\jdk-22\bin\java.exe
0x00007ffda6410000 - 0x00007ffda6608000 	C:\Windows\SYSTEM32\ntdll.dll
0x00007ffda58d0000 - 0x00007ffda5992000 	C:\Windows\System32\KERNEL32.DLL
0x00007ffda3e10000 - 0x00007ffda410e000 	C:\Windows\System32\KERNELBASE.dll
0x00007ffda3ce0000 - 0x00007ffda3de0000 	C:\Windows\System32\ucrtbase.dll
0x00007ffd9f010000 - 0x00007ffd9f027000 	C:\Program Files\Java\jdk-22\bin\jli.dll
0x00007ffd9f670000 - 0x00007ffd9f68b000 	C:\Program Files\Java\jdk-22\bin\VCRUNTIME140.dll
0x00007ffda49e0000 - 0x00007ffda4a91000 	C:\Windows\System32\ADVAPI32.dll
0x00007ffda4c10000 - 0x00007ffda4cae000 	C:\Windows\System32\msvcrt.dll
0x00007ffda5ad0000 - 0x00007ffda5b6f000 	C:\Windows\System32\sechost.dll
0x00007ffda60f0000 - 0x00007ffda6213000 	C:\Windows\System32\RPCRT4.dll
0x00007ffda3de0000 - 0x00007ffda3e07000 	C:\Windows\System32\bcrypt.dll
0x00007ffda44e0000 - 0x00007ffda467d000 	C:\Windows\System32\USER32.dll
0x00007ffda3b50000 - 0x00007ffda3b72000 	C:\Windows\System32\win32u.dll
0x00007ffd86af0000 - 0x00007ffd86d8a000 	C:\Windows\WinSxS\amd64_microsoft.windows.common-controls_6595b64144ccf1df_6.0.19041.4355_none_60b8b9eb71f62e16\COMCTL32.dll
0x00007ffda4b80000 - 0x00007ffda4bab000 	C:\Windows\System32\GDI32.dll
0x00007ffda4110000 - 0x00007ffda4227000 	C:\Windows\System32\gdi32full.dll
0x00007ffda3ab0000 - 0x00007ffda3b4d000 	C:\Windows\System32\msvcp_win.dll
0x00007ffd9ea10000 - 0x00007ffd9ea1a000 	C:\Windows\SYSTEM32\VERSION.dll
0x00007ffda5710000 - 0x00007ffda573f000 	C:\Windows\System32\IMM32.DLL
0x00007ffd9f5a0000 - 0x00007ffd9f5ac000 	C:\Program Files\Java\jdk-22\bin\vcruntime140_1.dll
0x00007ffd83470000 - 0x00007ffd834fe000 	C:\Program Files\Java\jdk-22\bin\msvcp140.dll
0x00007ffd41600000 - 0x00007ffd42347000 	C:\Program Files\Java\jdk-22\bin\server\jvm.dll
0x00007ffda5420000 - 0x00007ffda548b000 	C:\Windows\System32\WS2_32.dll
0x00007ffda3910000 - 0x00007ffda395b000 	C:\Windows\SYSTEM32\POWRPROF.dll
0x00007ffd8c1c0000 - 0x00007ffd8c1e7000 	C:\Windows\SYSTEM32\WINMM.dll
0x00007ffda38f0000 - 0x00007ffda3902000 	C:\Windows\SYSTEM32\UMPDC.dll
0x00007ffda22d0000 - 0x00007ffda22e2000 	C:\Windows\SYSTEM32\kernel.appcore.dll
0x00007ffd9f510000 - 0x00007ffd9f51a000 	C:\Program Files\Java\jdk-22\bin\jimage.dll
0x00007ffda1670000 - 0x00007ffda1854000 	C:\Windows\SYSTEM32\DBGHELP.DLL
0x00007ffd81a40000 - 0x00007ffd81a74000 	C:\Windows\SYSTEM32\dbgcore.DLL
0x00007ffda4230000 - 0x00007ffda42b2000 	C:\Windows\System32\bcryptPrimitives.dll
0x00007ffd9f520000 - 0x00007ffd9f53e000 	C:\Program Files\Java\jdk-22\bin\java.dll
0x00007ffda4cb0000 - 0x00007ffda541d000 	C:\Windows\System32\SHELL32.dll
0x00007ffda5740000 - 0x00007ffda586b000 	C:\Windows\System32\ole32.dll
0x00007ffda4680000 - 0x00007ffda49d3000 	C:\Windows\System32\combase.dll

dbghelp: loaded successfully - version: 4.0.5 - missing functions: none
symbol engine: initialized successfully - sym options: 0x614 - pdb path: .;C:\Program Files\Java\jdk-22\bin;C:\Windows\SYSTEM32;C:\Windows\WinSxS\amd64_microsoft.windows.common-controls_6595b64144ccf1df_6.0.19041.4355_none_60b8b9eb71f62e16;C:\Program Files\Java\jdk-22\bin\server

VM Arguments:
jvm_args: -Dfile.encoding=UTF-8 --module-path=C:\Users\DUBAI LAPTOP BAZAR\Documents\NetBeansProjects\University Management System\build\classes 
java_command: university.management.system.Project
java_class_path (initial): C:\Users\DUBAI LAPTOP BAZAR\Documents\NetBeansProjects\University Management System\build\classes
Launcher Type: SUN_STANDARD

[Global flags]
     intx CICompilerCount                          = 4                                         {product} {ergonomic}
     uint ConcGCThreads                            = 2                                         {product} {ergonomic}
     uint G1ConcRefinementThreads                  = 8                                         {product} {ergonomic}
   size_t G1HeapRegionSize                         = 1048576                                   {product} {ergonomic}
   size_t InitialHeapSize                          = 130023424                                 {product} {ergonomic}
   size_t MarkStackSize                            = 4194304                                   {product} {ergonomic}
   size_t MaxHeapSize                              = 2071986176                                {product} {ergonomic}
   size_t MinHeapDeltaBytes                        = 1048576                                   {product} {ergonomic}
   size_t MinHeapSize                              = 8388608                                   {product} {ergonomic}
    uintx NonNMethodCodeHeapSize                   = 5839372                                {pd product} {ergonomic}
    uintx NonProfiledCodeHeapSize                  = 122909434                              {pd product} {ergonomic}
    uintx ProfiledCodeHeapSize                     = 122909434                              {pd product} {ergonomic}
    uintx ReservedCodeCacheSize                    = 251658240                              {pd product} {ergonomic}
     bool SegmentedCodeCache                       = true                                      {product} {ergonomic}
   size_t SoftMaxHeapSize                          = 2071986176                             {manageable} {ergonomic}
     bool UseCompressedOops                        = true                           {product lp64_product} {ergonomic}
     bool UseG1GC                                  = true                                      {product} {ergonomic}
     bool UseLargePagesIndividualAllocation        = false                                  {pd product} {ergonomic}

Logging:
Log output configuration:
 #0: stdout all=warning uptime,level,tags foldmultilines=false
 #1: stderr all=off uptime,level,tags foldmultilines=false

Environment Variables:
PATH=C:\Program Files\Common Files\Oracle\Java\javapath;C:\Windows\system32;C:\Windows;C:\Windows\System32\Wbem;C:\Windows\System32\WindowsPowerShell\v1.0\;C:\Windows\System32\OpenSSH\;C:\Program Files\MySQL\MySQL Server 8.0\bin;C:\Program Files\Java\jdk-17\bin;C:\Program Files\MySQL\MySQL Shell 8.0\bin\;C:\Users\DUBAI LAPTOP BAZAR\AppData\Local\Programs\Python\Python313\Scripts\;C:\Users\DUBAI LAPTOP BAZAR\AppData\Local\Programs\Python\Python313\;C:\Users\DUBAI LAPTOP BAZAR\AppData\Local\Programs\Python\Python311\Scripts\;C:\Users\DUBAI LAPTOP BAZAR\AppData\Local\Programs\Python\Python311\;C:\Users\DUBAI LAPTOP BAZAR\AppData\Local\Microsoft\WindowsApps;C:\Users\DUBAI LAPTOP BAZAR\AppData\Local\Programs\Microsoft VS Code\bin;C:\Program Files\JetBrains\PyCharm Community Edition 2024.3\bin;
USERNAME=DUBAI LAPTOP BAZAR
OS=Windows_NT
PROCESSOR_IDENTIFIER=Intel64 Family 6 Model 142 Stepping 12, GenuineIntel
TMP=C:\Users\DUBAIL~1\AppData\Local\Temp
TEMP=C:\Users\DUBAIL~1\AppData\Local\Temp




Periodic native trim disabled

---------------  S Y S T E M  ---------------

OS:
 Windows 10 , 64 bit Build 19041 (10.0.19041.5198)
OS uptime: 1 days 0:50 hours

CPU: total 8 (initial active 8) (4 cores per cpu, 2 threads per core) family 6 model 142 stepping 12 microcode 0xf8, cx8, cmov, fxsr, ht, mmx, 3dnowpref, sse, sse2, sse3, ssse3, sse4.1, sse4.2, popcnt, lzcnt, tsc, tscinvbit, avx, avx2, aes, erms, clmul, bmi1, bmi2, adx, fma, vzeroupper, clflush, clflushopt, rdtscp, f16c
Processor Information for all 8 processors :
  Max Mhz: 1896, Current Mhz: 1596, Mhz Limit: 1592

Memory: 4k page, system-wide physical 7902M (1183M free)
TotalPageFile size 20721M (AvailPageFile size 83M)
current process WorkingSet (physical memory assigned to process): 11M, peak: 11M
current process commit charge ("private bytes"): 60M, peak: 184M

vm_info: Java HotSpot(TM) 64-Bit Server VM (22.0.1+8-16) for windows-amd64 JRE (22.0.1+8-16), built on 2024-03-12T10:33:16Z by "mach5one" with MS VC++ 17.6 (VS2022)

END.
