#
# There is insufficient memory for the Java Runtime Environment to continue.
# Native memory allocation (malloc) failed to allocate 32744 bytes. Error detail: Chunk::new
# Possible reasons:
#   The system is out of physical RAM or swap space
#   This process is running with CompressedOops enabled, and the Java Heap may be blocking the growth of the native heap
# Possible solutions:
#   Reduce memory load on the system
#   Increase physical memory or swap space
#   Check if swap backing store is full
#   Decrease Java heap size (-Xmx/-Xms)
#   Decrease number of Java threads
#   Decrease Java thread stack sizes (-Xss)
#   Set larger code cache with -XX:ReservedCodeCacheSize=
#   JVM is running with Unscaled Compressed Oops mode in which the Java heap is
#     placed in the first 4GB address space. The Java Heap base address is the
#     maximum limit for the native heap growth. Please use -XX:HeapBaseMinAddress
#     to set the Java Heap base and to place the Java Heap above 4GB virtual address.
# This output file may be truncated or incomplete.
#
#  Out of Memory Error (arena.cpp:150), pid=7096, tid=18656
#
# JRE version: Java(TM) SE Runtime Environment (22.0.1+8) (build 22.0.1+8-16)
# Java VM: Java HotSpot(TM) 64-Bit Server VM (22.0.1+8-16, mixed mode, sharing, tiered, compressed oops, compressed class ptrs, g1 gc, windows-amd64)
# No core dump will be written. Minidumps are not enabled by default on client versions of Windows
#

---------------  S U M M A R Y ------------

Command Line: -Dfile.encoding=UTF-8 --module-path=C:\Users\DUBAI LAPTOP BAZAR\Documents\NetBeansProjects\University Management System\build\classes university.management.system.Project

Host: Intel(R) Core(TM) i5-8365U CPU @ 1.60GHz, 8 cores, 7G,  Windows 10 , 64 bit Build 19041 (10.0.19041.5198)
Time: Tue Jan 14 20:08:29 2025 Bangladesh Standard Time elapsed time: 304.067250 seconds (0d 0h 5m 4s)

---------------  T H R E A D  ---------------

Current thread (0x0000016cd13f5630):  JavaThread "C2 CompilerThread0" daemon [_thread_in_native, id=18656, stack(0x000000497a600000,0x000000497a700000) (1024K)]


Current CompileTask:
C2:304067  849       4       jdk.internal.org.objectweb.asm.SymbolTable::put (150 bytes)

Stack: [0x000000497a600000,0x000000497a700000]
Native frames: (J=compiled Java code, j=interpreted, Vv=VM code, C=native code)
V  [jvm.dll+0x6e2279]  (no source info available)
V  [jvm.dll+0x874e33]  (no source info available)
V  [jvm.dll+0x87725e]  (no source info available)
V  [jvm.dll+0x877933]  (no source info available)
V  [jvm.dll+0x27fd76]  (no source info available)
V  [jvm.dll+0xc3d0f]  (no source info available)
V  [jvm.dll+0xc3f6b]  (no source info available)
V  [jvm.dll+0x5ed627]  (no source info available)
V  [jvm.dll+0x1df532]  (no source info available)
V  [jvm.dll+0x247a5c]  (no source info available)
V  [jvm.dll+0x246fbf]  (no source info available)
V  [jvm.dll+0x1c4e90]  (no source info available)
V  [jvm.dll+0x2569fe]  (no source info available)
V  [jvm.dll+0x254cba]  (no source info available)
V  [jvm.dll+0x3f5336]  (no source info available)
V  [jvm.dll+0x81d44b]  (no source info available)
V  [jvm.dll+0x6e0915]  (no source info available)
C  [ucrtbase.dll+0x21bb2]  (no source info available)
C  [KERNEL32.DLL+0x17374]  (no source info available)
C  [ntdll.dll+0x4cc91]  (no source info available)


---------------  P R O C E S S  ---------------

Threads class SMR info:
_java_thread_list=0x0000016cd1888f20, length=15, elements={
0x0000016cd13bba70, 0x0000016cd13bd560, 0x0000016cd13bf7b0, 0x0000016cd13c0450,
0x0000016cd13c4fe0, 0x0000016cd13c5800, 0x0000016cd13f5630, 0x0000016cd13f9d10,
0x0000016cd1604cf0, 0x0000016cd1724230, 0x0000016cd17c55e0, 0x0000016cd18216f0,
0x0000016cd1829aa0, 0x0000016cd187a8e0, 0x0000016cb2b3ad80
}

Java Threads: ( => current thread )
  0x0000016cd13bba70 JavaThread "Reference Handler"          daemon [_thread_blocked, id=12564, stack(0x000000497a000000,0x000000497a100000) (1024K)]
  0x0000016cd13bd560 JavaThread "Finalizer"                  daemon [_thread_blocked, id=20068, stack(0x000000497a100000,0x000000497a200000) (1024K)]
  0x0000016cd13bf7b0 JavaThread "Signal Dispatcher"          daemon [_thread_blocked, id=3976, stack(0x000000497a200000,0x000000497a300000) (1024K)]
  0x0000016cd13c0450 JavaThread "Attach Listener"            daemon [_thread_blocked, id=5764, stack(0x000000497a300000,0x000000497a400000) (1024K)]
  0x0000016cd13c4fe0 JavaThread "Service Thread"             daemon [_thread_blocked, id=20424, stack(0x000000497a400000,0x000000497a500000) (1024K)]
  0x0000016cd13c5800 JavaThread "Monitor Deflation Thread"   daemon [_thread_blocked, id=19088, stack(0x000000497a500000,0x000000497a600000) (1024K)]
=>0x0000016cd13f5630 JavaThread "C2 CompilerThread0"         daemon [_thread_in_native, id=18656, stack(0x000000497a600000,0x000000497a700000) (1024K)]
  0x0000016cd13f9d10 JavaThread "C1 CompilerThread0"         daemon [_thread_blocked, id=19604, stack(0x000000497a700000,0x000000497a800000) (1024K)]
  0x0000016cd1604cf0 JavaThread "Common-Cleaner"             daemon [_thread_blocked, id=21328, stack(0x000000497a800000,0x000000497a900000) (1024K)]
  0x0000016cd1724230 JavaThread "Notification Thread"        daemon [_thread_blocked, id=9564, stack(0x000000497a900000,0x000000497aa00000) (1024K)]
  0x0000016cd17c55e0 JavaThread "Java2D Disposer"            daemon [_thread_blocked, id=11508, stack(0x000000497aa00000,0x000000497ab00000) (1024K)]
  0x0000016cd18216f0 JavaThread "AWT-Shutdown"                      [_thread_blocked, id=1456, stack(0x000000497ab00000,0x000000497ac00000) (1024K)]
  0x0000016cd1829aa0 JavaThread "AWT-Windows"                daemon [_thread_in_native, id=15824, stack(0x000000497ac00000,0x000000497ad00000) (1024K)]
  0x0000016cd187a8e0 JavaThread "AWT-EventQueue-0"                  [_thread_blocked, id=19608, stack(0x000000497ad00000,0x000000497ae00000) (1024K)]
  0x0000016cb2b3ad80 JavaThread "DestroyJavaVM"                     [_thread_blocked, id=14120, stack(0x0000004979800000,0x0000004979900000) (1024K)]
Total: 15

Other Threads:
  0x0000016cd13a2500 VMThread "VM Thread"                           [id=14028, stack(0x0000004979f00000,0x000000497a000000) (1024K)]
  0x0000016cd1388530 WatcherThread "VM Periodic Task Thread"        [id=18728, stack(0x0000004979e00000,0x0000004979f00000) (1024K)]
  0x0000016cb4ca9e30 WorkerThread "GC Thread#0"                     [id=11160, stack(0x0000004979900000,0x0000004979a00000) (1024K)]
  0x0000016cb4cbb130 ConcurrentGCThread "G1 Main Marker"            [id=2352, stack(0x0000004979a00000,0x0000004979b00000) (1024K)]
  0x0000016cb4cbbdf0 WorkerThread "G1 Conc#0"                       [id=19720, stack(0x0000004979b00000,0x0000004979c00000) (1024K)]
  0x0000016cb4d1e870 ConcurrentGCThread "G1 Refine#0"               [id=15156, stack(0x0000004979c00000,0x0000004979d00000) (1024K)]
  0x0000016cd1258270 ConcurrentGCThread "G1 Service"                [id=11116, stack(0x0000004979d00000,0x0000004979e00000) (1024K)]
Total: 7

Threads with active compile tasks:
C2 CompilerThread0  304168  849       4       jdk.internal.org.objectweb.asm.SymbolTable::put (150 bytes)
Total: 1

VM state: not at safepoint (normal execution)

VM Mutex/Monitor currently owned by a thread: None

Heap address: 0x0000000084800000, size: 1976 MB, Compressed Oops mode: 32-bit

CDS archive(s) mapped at: [0x0000016cd2000000-0x0000016cd2c60000-0x0000016cd2c60000), size 12976128, SharedBaseAddress: 0x0000016cd2000000, ArchiveRelocationMode: 1.
Compressed class space mapped at: 0x0000016cd3000000-0x0000016d13000000, reserved size: 1073741824
Narrow klass base: 0x0000016cd2000000, Narrow klass shift: 0, Narrow klass range: 0x41000000

GC Precious Log:
 CardTable entry size: 512
 Card Set container configuration: InlinePtr #cards 5 size 8 Array Of Cards #cards 12 size 40 Howl #buckets 4 coarsen threshold 1843 Howl Bitmap #cards 512 size 80 coarsen threshold 460 Card regions per heap region 1 cards per card region 2048
 CPUs: 8 total, 8 available
 Memory: 7902M
 Large Page Support: Disabled
 NUMA Support: Disabled
 Compressed Oops: Enabled (32-bit)
 Heap Region Size: 1M
 Heap Min Capacity: 8M
 Heap Initial Capacity: 124M
 Heap Max Capacity: 1976M
 Pre-touch: Disabled
 Parallel Workers: 8
 Concurrent Workers: 2
 Concurrent Refinement Workers: 8
 Periodic GC: Disabled

Heap:
 garbage-first heap   total reserved 2023424K, committed 126976K, used 23552K [0x0000000084800000, 0x0000000100000000)
  region size 1024K, 8 young (8192K), 0 survivors (0K)
 Metaspace       used 6063K, committed 6336K, reserved 1114112K
  class space    used 646K, committed 768K, reserved 1048576K

Heap Regions: E=young(eden), S=young(survivor), O=old, HS=humongous(starts), HC=humongous(continues), CS=collection set, F=free, TAMS=top-at-mark-start, PB=parsable bottom
|   0|0x0000000084800000, 0x0000000084900000, 0x0000000084900000|100%|HS|  |TAMS 0x0000000084800000| PB 0x0000000084800000| Complete |  0
|   1|0x0000000084900000, 0x0000000084a00000, 0x0000000084a00000|100%|HC|  |TAMS 0x0000000084900000| PB 0x0000000084900000| Complete |  0
|   2|0x0000000084a00000, 0x0000000084b00000, 0x0000000084b00000|100%|HC|  |TAMS 0x0000000084a00000| PB 0x0000000084a00000| Complete |  0
|   3|0x0000000084b00000, 0x0000000084c00000, 0x0000000084c00000|100%|HC|  |TAMS 0x0000000084b00000| PB 0x0000000084b00000| Complete |  0
|   4|0x0000000084c00000, 0x0000000084d00000, 0x0000000084d00000|100%|HC|  |TAMS 0x0000000084c00000| PB 0x0000000084c00000| Complete |  0
|   5|0x0000000084d00000, 0x0000000084e00000, 0x0000000084e00000|100%|HC|  |TAMS 0x0000000084d00000| PB 0x0000000084d00000| Complete |  0
|   6|0x0000000084e00000, 0x0000000084f00000, 0x0000000084f00000|100%|HC|  |TAMS 0x0000000084e00000| PB 0x0000000084e00000| Complete |  0
|   7|0x0000000084f00000, 0x0000000085000000, 0x0000000085000000|100%|HC|  |TAMS 0x0000000084f00000| PB 0x0000000084f00000| Complete |  0
|   8|0x0000000085000000, 0x0000000085100000, 0x0000000085100000|100%|HS|  |TAMS 0x0000000085000000| PB 0x0000000085000000| Complete |  0
|   9|0x0000000085100000, 0x0000000085200000, 0x0000000085200000|100%|HC|  |TAMS 0x0000000085100000| PB 0x0000000085100000| Complete |  0
|  10|0x0000000085200000, 0x0000000085300000, 0x0000000085300000|100%|HC|  |TAMS 0x0000000085200000| PB 0x0000000085200000| Complete |  0
|  11|0x0000000085300000, 0x0000000085400000, 0x0000000085400000|100%|HC|  |TAMS 0x0000000085300000| PB 0x0000000085300000| Complete |  0
|  12|0x0000000085400000, 0x0000000085500000, 0x0000000085500000|100%|HC|  |TAMS 0x0000000085400000| PB 0x0000000085400000| Complete |  0
|  13|0x0000000085500000, 0x0000000085600000, 0x0000000085600000|100%|HC|  |TAMS 0x0000000085500000| PB 0x0000000085500000| Complete |  0
|  14|0x0000000085600000, 0x0000000085700000, 0x0000000085700000|100%|HC|  |TAMS 0x0000000085600000| PB 0x0000000085600000| Complete |  0
|  15|0x0000000085700000, 0x0000000085800000, 0x0000000085800000|100%|HC|  |TAMS 0x0000000085700000| PB 0x0000000085700000| Complete |  0
|  16|0x0000000085800000, 0x0000000085800000, 0x0000000085900000|  0%| F|  |TAMS 0x0000000085800000| PB 0x0000000085800000| Untracked |  0
|  17|0x0000000085900000, 0x0000000085900000, 0x0000000085a00000|  0%| F|  |TAMS 0x0000000085900000| PB 0x0000000085900000| Untracked |  0
|  18|0x0000000085a00000, 0x0000000085a00000, 0x0000000085b00000|  0%| F|  |TAMS 0x0000000085a00000| PB 0x0000000085a00000| Untracked |  0
|  19|0x0000000085b00000, 0x0000000085b00000, 0x0000000085c00000|  0%| F|  |TAMS 0x0000000085b00000| PB 0x0000000085b00000| Untracked |  0
|  20|0x0000000085c00000, 0x0000000085c00000, 0x0000000085d00000|  0%| F|  |TAMS 0x0000000085c00000| PB 0x0000000085c00000| Untracked |  0
|  21|0x0000000085d00000, 0x0000000085d00000, 0x0000000085e00000|  0%| F|  |TAMS 0x0000000085d00000| PB 0x0000000085d00000| Untracked |  0
|  22|0x0000000085e00000, 0x0000000085e00000, 0x0000000085f00000|  0%| F|  |TAMS 0x0000000085e00000| PB 0x0000000085e00000| Untracked |  0
|  23|0x0000000085f00000, 0x0000000085f00000, 0x0000000086000000|  0%| F|  |TAMS 0x0000000085f00000| PB 0x0000000085f00000| Untracked |  0
|  24|0x0000000086000000, 0x0000000086000000, 0x0000000086100000|  0%| F|  |TAMS 0x0000000086000000| PB 0x0000000086000000| Untracked |  0
|  25|0x0000000086100000, 0x0000000086100000, 0x0000000086200000|  0%| F|  |TAMS 0x0000000086100000| PB 0x0000000086100000| Untracked |  0
|  26|0x0000000086200000, 0x0000000086200000, 0x0000000086300000|  0%| F|  |TAMS 0x0000000086200000| PB 0x0000000086200000| Untracked |  0
|  27|0x0000000086300000, 0x0000000086300000, 0x0000000086400000|  0%| F|  |TAMS 0x0000000086300000| PB 0x0000000086300000| Untracked |  0
|  28|0x0000000086400000, 0x0000000086400000, 0x0000000086500000|  0%| F|  |TAMS 0x0000000086400000| PB 0x0000000086400000| Untracked |  0
|  29|0x0000000086500000, 0x0000000086500000, 0x0000000086600000|  0%| F|  |TAMS 0x0000000086500000| PB 0x0000000086500000| Untracked |  0
|  30|0x0000000086600000, 0x0000000086600000, 0x0000000086700000|  0%| F|  |TAMS 0x0000000086600000| PB 0x0000000086600000| Untracked |  0
|  31|0x0000000086700000, 0x0000000086700000, 0x0000000086800000|  0%| F|  |TAMS 0x0000000086700000| PB 0x0000000086700000| Untracked |  0
|  32|0x0000000086800000, 0x0000000086800000, 0x0000000086900000|  0%| F|  |TAMS 0x0000000086800000| PB 0x0000000086800000| Untracked |  0
|  33|0x0000000086900000, 0x0000000086900000, 0x0000000086a00000|  0%| F|  |TAMS 0x0000000086900000| PB 0x0000000086900000| Untracked |  0
|  34|0x0000000086a00000, 0x0000000086a00000, 0x0000000086b00000|  0%| F|  |TAMS 0x0000000086a00000| PB 0x0000000086a00000| Untracked |  0
|  35|0x0000000086b00000, 0x0000000086b00000, 0x0000000086c00000|  0%| F|  |TAMS 0x0000000086b00000| PB 0x0000000086b00000| Untracked |  0
|  36|0x0000000086c00000, 0x0000000086c00000, 0x0000000086d00000|  0%| F|  |TAMS 0x0000000086c00000| PB 0x0000000086c00000| Untracked |  0
|  37|0x0000000086d00000, 0x0000000086d00000, 0x0000000086e00000|  0%| F|  |TAMS 0x0000000086d00000| PB 0x0000000086d00000| Untracked |  0
|  38|0x0000000086e00000, 0x0000000086e00000, 0x0000000086f00000|  0%| F|  |TAMS 0x0000000086e00000| PB 0x0000000086e00000| Untracked |  0
|  39|0x0000000086f00000, 0x0000000086f00000, 0x0000000087000000|  0%| F|  |TAMS 0x0000000086f00000| PB 0x0000000086f00000| Untracked |  0
|  40|0x0000000087000000, 0x0000000087000000, 0x0000000087100000|  0%| F|  |TAMS 0x0000000087000000| PB 0x0000000087000000| Untracked |  0
|  41|0x0000000087100000, 0x0000000087100000, 0x0000000087200000|  0%| F|  |TAMS 0x0000000087100000| PB 0x0000000087100000| Untracked |  0
|  42|0x0000000087200000, 0x0000000087200000, 0x0000000087300000|  0%| F|  |TAMS 0x0000000087200000| PB 0x0000000087200000| Untracked |  0
|  43|0x0000000087300000, 0x0000000087300000, 0x0000000087400000|  0%| F|  |TAMS 0x0000000087300000| PB 0x0000000087300000| Untracked |  0
|  44|0x0000000087400000, 0x0000000087400000, 0x0000000087500000|  0%| F|  |TAMS 0x0000000087400000| PB 0x0000000087400000| Untracked |  0
|  45|0x0000000087500000, 0x0000000087500000, 0x0000000087600000|  0%| F|  |TAMS 0x0000000087500000| PB 0x0000000087500000| Untracked |  0
|  46|0x0000000087600000, 0x0000000087600000, 0x0000000087700000|  0%| F|  |TAMS 0x0000000087600000| PB 0x0000000087600000| Untracked |  0
|  47|0x0000000087700000, 0x0000000087700000, 0x0000000087800000|  0%| F|  |TAMS 0x0000000087700000| PB 0x0000000087700000| Untracked |  0
|  48|0x0000000087800000, 0x0000000087800000, 0x0000000087900000|  0%| F|  |TAMS 0x0000000087800000| PB 0x0000000087800000| Untracked |  0
|  49|0x0000000087900000, 0x0000000087900000, 0x0000000087a00000|  0%| F|  |TAMS 0x0000000087900000| PB 0x0000000087900000| Untracked |  0
|  50|0x0000000087a00000, 0x0000000087a00000, 0x0000000087b00000|  0%| F|  |TAMS 0x0000000087a00000| PB 0x0000000087a00000| Untracked |  0
|  51|0x0000000087b00000, 0x0000000087b00000, 0x0000000087c00000|  0%| F|  |TAMS 0x0000000087b00000| PB 0x0000000087b00000| Untracked |  0
|  52|0x0000000087c00000, 0x0000000087c00000, 0x0000000087d00000|  0%| F|  |TAMS 0x0000000087c00000| PB 0x0000000087c00000| Untracked |  0
|  53|0x0000000087d00000, 0x0000000087d00000, 0x0000000087e00000|  0%| F|  |TAMS 0x0000000087d00000| PB 0x0000000087d00000| Untracked |  0
|  54|0x0000000087e00000, 0x0000000087e00000, 0x0000000087f00000|  0%| F|  |TAMS 0x0000000087e00000| PB 0x0000000087e00000| Untracked |  0
|  55|0x0000000087f00000, 0x0000000087f00000, 0x0000000088000000|  0%| F|  |TAMS 0x0000000087f00000| PB 0x0000000087f00000| Untracked |  0
|  56|0x0000000088000000, 0x0000000088000000, 0x0000000088100000|  0%| F|  |TAMS 0x0000000088000000| PB 0x0000000088000000| Untracked |  0
|  57|0x0000000088100000, 0x0000000088100000, 0x0000000088200000|  0%| F|  |TAMS 0x0000000088100000| PB 0x0000000088100000| Untracked |  0
|  58|0x0000000088200000, 0x0000000088200000, 0x0000000088300000|  0%| F|  |TAMS 0x0000000088200000| PB 0x0000000088200000| Untracked |  0
|  59|0x0000000088300000, 0x0000000088300000, 0x0000000088400000|  0%| F|  |TAMS 0x0000000088300000| PB 0x0000000088300000| Untracked |  0
|  60|0x0000000088400000, 0x0000000088400000, 0x0000000088500000|  0%| F|  |TAMS 0x0000000088400000| PB 0x0000000088400000| Untracked |  0
|  61|0x0000000088500000, 0x0000000088500000, 0x0000000088600000|  0%| F|  |TAMS 0x0000000088500000| PB 0x0000000088500000| Untracked |  0
|  62|0x0000000088600000, 0x0000000088600000, 0x0000000088700000|  0%| F|  |TAMS 0x0000000088600000| PB 0x0000000088600000| Untracked |  0
|  63|0x0000000088700000, 0x0000000088700000, 0x0000000088800000|  0%| F|  |TAMS 0x0000000088700000| PB 0x0000000088700000| Untracked |  0
|  64|0x0000000088800000, 0x0000000088800000, 0x0000000088900000|  0%| F|  |TAMS 0x0000000088800000| PB 0x0000000088800000| Untracked |  0
|  65|0x0000000088900000, 0x0000000088900000, 0x0000000088a00000|  0%| F|  |TAMS 0x0000000088900000| PB 0x0000000088900000| Untracked |  0
|  66|0x0000000088a00000, 0x0000000088a00000, 0x0000000088b00000|  0%| F|  |TAMS 0x0000000088a00000| PB 0x0000000088a00000| Untracked |  0
|  67|0x0000000088b00000, 0x0000000088b00000, 0x0000000088c00000|  0%| F|  |TAMS 0x0000000088b00000| PB 0x0000000088b00000| Untracked |  0
|  68|0x0000000088c00000, 0x0000000088c00000, 0x0000000088d00000|  0%| F|  |TAMS 0x0000000088c00000| PB 0x0000000088c00000| Untracked |  0
|  69|0x0000000088d00000, 0x0000000088d00000, 0x0000000088e00000|  0%| F|  |TAMS 0x0000000088d00000| PB 0x0000000088d00000| Untracked |  0
|  70|0x0000000088e00000, 0x0000000088e00000, 0x0000000088f00000|  0%| F|  |TAMS 0x0000000088e00000| PB 0x0000000088e00000| Untracked |  0
|  71|0x0000000088f00000, 0x0000000088f00000, 0x0000000089000000|  0%| F|  |TAMS 0x0000000088f00000| PB 0x0000000088f00000| Untracked |  0
|  72|0x0000000089000000, 0x0000000089000000, 0x0000000089100000|  0%| F|  |TAMS 0x0000000089000000| PB 0x0000000089000000| Untracked |  0
|  73|0x0000000089100000, 0x0000000089100000, 0x0000000089200000|  0%| F|  |TAMS 0x0000000089100000| PB 0x0000000089100000| Untracked |  0
|  74|0x0000000089200000, 0x0000000089200000, 0x0000000089300000|  0%| F|  |TAMS 0x0000000089200000| PB 0x0000000089200000| Untracked |  0
|  75|0x0000000089300000, 0x0000000089300000, 0x0000000089400000|  0%| F|  |TAMS 0x0000000089300000| PB 0x0000000089300000| Untracked |  0
|  76|0x0000000089400000, 0x0000000089400000, 0x0000000089500000|  0%| F|  |TAMS 0x0000000089400000| PB 0x0000000089400000| Untracked |  0
|  77|0x0000000089500000, 0x0000000089500000, 0x0000000089600000|  0%| F|  |TAMS 0x0000000089500000| PB 0x0000000089500000| Untracked |  0
|  78|0x0000000089600000, 0x0000000089600000, 0x0000000089700000|  0%| F|  |TAMS 0x0000000089600000| PB 0x0000000089600000| Untracked |  0
|  79|0x0000000089700000, 0x0000000089700000, 0x0000000089800000|  0%| F|  |TAMS 0x0000000089700000| PB 0x0000000089700000| Untracked |  0
|  80|0x0000000089800000, 0x0000000089800000, 0x0000000089900000|  0%| F|  |TAMS 0x0000000089800000| PB 0x0000000089800000| Untracked |  0
|  81|0x0000000089900000, 0x0000000089900000, 0x0000000089a00000|  0%| F|  |TAMS 0x0000000089900000| PB 0x0000000089900000| Untracked |  0
|  82|0x0000000089a00000, 0x0000000089a00000, 0x0000000089b00000|  0%| F|  |TAMS 0x0000000089a00000| PB 0x0000000089a00000| Untracked |  0
|  83|0x0000000089b00000, 0x0000000089b00000, 0x0000000089c00000|  0%| F|  |TAMS 0x0000000089b00000| PB 0x0000000089b00000| Untracked |  0
|  84|0x0000000089c00000, 0x0000000089c00000, 0x0000000089d00000|  0%| F|  |TAMS 0x0000000089c00000| PB 0x0000000089c00000| Untracked |  0
|  85|0x0000000089d00000, 0x0000000089d00000, 0x0000000089e00000|  0%| F|  |TAMS 0x0000000089d00000| PB 0x0000000089d00000| Untracked |  0
|  86|0x0000000089e00000, 0x0000000089e00000, 0x0000000089f00000|  0%| F|  |TAMS 0x0000000089e00000| PB 0x0000000089e00000| Untracked |  0
|  87|0x0000000089f00000, 0x0000000089f00000, 0x000000008a000000|  0%| F|  |TAMS 0x0000000089f00000| PB 0x0000000089f00000| Untracked |  0
|  88|0x000000008a000000, 0x000000008a000000, 0x000000008a100000|  0%| F|  |TAMS 0x000000008a000000| PB 0x000000008a000000| Untracked |  0
|  89|0x000000008a100000, 0x000000008a100000, 0x000000008a200000|  0%| F|  |TAMS 0x000000008a100000| PB 0x000000008a100000| Untracked |  0
|  90|0x000000008a200000, 0x000000008a200000, 0x000000008a300000|  0%| F|  |TAMS 0x000000008a200000| PB 0x000000008a200000| Untracked |  0
|  91|0x000000008a300000, 0x000000008a300000, 0x000000008a400000|  0%| F|  |TAMS 0x000000008a300000| PB 0x000000008a300000| Untracked |  0
|  92|0x000000008a400000, 0x000000008a400000, 0x000000008a500000|  0%| F|  |TAMS 0x000000008a400000| PB 0x000000008a400000| Untracked |  0
|  93|0x000000008a500000, 0x000000008a500000, 0x000000008a600000|  0%| F|  |TAMS 0x000000008a500000| PB 0x000000008a500000| Untracked |  0
|  94|0x000000008a600000, 0x000000008a600000, 0x000000008a700000|  0%| F|  |TAMS 0x000000008a600000| PB 0x000000008a600000| Untracked |  0
|  95|0x000000008a700000, 0x000000008a700000, 0x000000008a800000|  0%| F|  |TAMS 0x000000008a700000| PB 0x000000008a700000| Untracked |  0
|  96|0x000000008a800000, 0x000000008a800000, 0x000000008a900000|  0%| F|  |TAMS 0x000000008a800000| PB 0x000000008a800000| Untracked |  0
|  97|0x000000008a900000, 0x000000008a900000, 0x000000008aa00000|  0%| F|  |TAMS 0x000000008a900000| PB 0x000000008a900000| Untracked |  0
|  98|0x000000008aa00000, 0x000000008aa00000, 0x000000008ab00000|  0%| F|  |TAMS 0x000000008aa00000| PB 0x000000008aa00000| Untracked |  0
|  99|0x000000008ab00000, 0x000000008ab00000, 0x000000008ac00000|  0%| F|  |TAMS 0x000000008ab00000| PB 0x000000008ab00000| Untracked |  0
| 100|0x000000008ac00000, 0x000000008ac00000, 0x000000008ad00000|  0%| F|  |TAMS 0x000000008ac00000| PB 0x000000008ac00000| Untracked |  0
| 101|0x000000008ad00000, 0x000000008ad00000, 0x000000008ae00000|  0%| F|  |TAMS 0x000000008ad00000| PB 0x000000008ad00000| Untracked |  0
| 102|0x000000008ae00000, 0x000000008ae00000, 0x000000008af00000|  0%| F|  |TAMS 0x000000008ae00000| PB 0x000000008ae00000| Untracked |  0
| 103|0x000000008af00000, 0x000000008af00000, 0x000000008b000000|  0%| F|  |TAMS 0x000000008af00000| PB 0x000000008af00000| Untracked |  0
| 104|0x000000008b000000, 0x000000008b000000, 0x000000008b100000|  0%| F|  |TAMS 0x000000008b000000| PB 0x000000008b000000| Untracked |  0
| 105|0x000000008b100000, 0x000000008b100000, 0x000000008b200000|  0%| F|  |TAMS 0x000000008b100000| PB 0x000000008b100000| Untracked |  0
| 106|0x000000008b200000, 0x000000008b200000, 0x000000008b300000|  0%| F|  |TAMS 0x000000008b200000| PB 0x000000008b200000| Untracked |  0
| 107|0x000000008b300000, 0x000000008b300000, 0x000000008b400000|  0%| F|  |TAMS 0x000000008b300000| PB 0x000000008b300000| Untracked |  0
| 108|0x000000008b400000, 0x000000008b400000, 0x000000008b500000|  0%| F|  |TAMS 0x000000008b400000| PB 0x000000008b400000| Untracked |  0
| 109|0x000000008b500000, 0x000000008b500000, 0x000000008b600000|  0%| F|  |TAMS 0x000000008b500000| PB 0x000000008b500000| Untracked |  0
| 110|0x000000008b600000, 0x000000008b600000, 0x000000008b700000|  0%| F|  |TAMS 0x000000008b600000| PB 0x000000008b600000| Untracked |  0
| 111|0x000000008b700000, 0x000000008b700000, 0x000000008b800000|  0%| F|  |TAMS 0x000000008b700000| PB 0x000000008b700000| Untracked |  0
| 112|0x000000008b800000, 0x000000008b800000, 0x000000008b900000|  0%| F|  |TAMS 0x000000008b800000| PB 0x000000008b800000| Untracked |  0
| 113|0x000000008b900000, 0x000000008b900000, 0x000000008ba00000|  0%| F|  |TAMS 0x000000008b900000| PB 0x000000008b900000| Untracked |  0
| 114|0x000000008ba00000, 0x000000008ba00000, 0x000000008bb00000|  0%| F|  |TAMS 0x000000008ba00000| PB 0x000000008ba00000| Untracked |  0
| 115|0x000000008bb00000, 0x000000008bb00000, 0x000000008bc00000|  0%| F|  |TAMS 0x000000008bb00000| PB 0x000000008bb00000| Untracked |  0
| 116|0x000000008bc00000, 0x000000008bc7ae38, 0x000000008bd00000| 48%| E|  |TAMS 0x000000008bc00000| PB 0x000000008bc00000| Complete |  0
| 117|0x000000008bd00000, 0x000000008be00000, 0x000000008be00000|100%| E|CS|TAMS 0x000000008bd00000| PB 0x000000008bd00000| Complete |  0
| 118|0x000000008be00000, 0x000000008bf00000, 0x000000008bf00000|100%| E|CS|TAMS 0x000000008be00000| PB 0x000000008be00000| Complete |  0
| 119|0x000000008bf00000, 0x000000008c000000, 0x000000008c000000|100%| E|CS|TAMS 0x000000008bf00000| PB 0x000000008bf00000| Complete |  0
| 120|0x000000008c000000, 0x000000008c100000, 0x000000008c100000|100%| E|CS|TAMS 0x000000008c000000| PB 0x000000008c000000| Complete |  0
| 121|0x000000008c100000, 0x000000008c200000, 0x000000008c200000|100%| E|CS|TAMS 0x000000008c100000| PB 0x000000008c100000| Complete |  0
| 122|0x000000008c200000, 0x000000008c300000, 0x000000008c300000|100%| E|CS|TAMS 0x000000008c200000| PB 0x000000008c200000| Complete |  0
| 123|0x000000008c300000, 0x000000008c400000, 0x000000008c400000|100%| E|CS|TAMS 0x000000008c300000| PB 0x000000008c300000| Complete |  0

Card table byte_map: [0x0000016ccc6c0000,0x0000016cccaa0000] _byte_map_base: 0x0000016ccc29c000

Marking Bits: (CMBitMap*) 0x0000016cb4caa540
 Bits: [0x0000016cccaa0000, 0x0000016cce980000)

Polling page: 0x0000016cb2de0000

Metaspace:

Usage:
  Non-class:      5.29 MB used.
      Class:    646.82 KB used.
       Both:      5.92 MB used.

Virtual space:
  Non-class space:       64.00 MB reserved,       5.44 MB (  8%) committed,  1 nodes.
      Class space:        1.00 GB reserved,     768.00 KB ( <1%) committed,  1 nodes.
             Both:        1.06 GB reserved,       6.19 MB ( <1%) committed. 

Chunk freelists:
   Non-Class:  10.37 MB
       Class:  15.24 MB
        Both:  25.61 MB

MaxMetaspaceSize: unlimited
CompressedClassSpaceSize: 1.00 GB
Initial GC threshold: 21.00 MB
Current GC threshold: 21.00 MB
CDS: on
 - commit_granule_bytes: 65536.
 - commit_granule_words: 8192.
 - virtual_space_node_default_size: 8388608.
 - enlarge_chunks_in_place: 1.
 - use_allocation_guard: 0.


Internal statistics:

num_allocs_failed_limit: 0.
num_arena_births: 140.
num_arena_deaths: 0.
num_vsnodes_births: 2.
num_vsnodes_deaths: 0.
num_space_committed: 99.
num_space_uncommitted: 0.
num_chunks_returned_to_freelist: 0.
num_chunks_taken_from_freelist: 172.
num_chunk_merges: 0.
num_chunk_splits: 102.
num_chunks_enlarged: 37.
num_inconsistent_stats: 0.

CodeHeap 'non-profiled nmethods': size=120000Kb used=239Kb max_used=239Kb free=119760Kb
 bounds [0x0000016cc4a70000, 0x0000016cc4ce0000, 0x0000016ccbfa0000]
CodeHeap 'profiled nmethods': size=120000Kb used=1257Kb max_used=1257Kb free=118742Kb
 bounds [0x0000016cbcfa0000, 0x0000016cbd210000, 0x0000016cc44d0000]
CodeHeap 'non-nmethods': size=5760Kb used=1495Kb max_used=1510Kb free=4264Kb
 bounds [0x0000016cc44d0000, 0x0000016cc4740000, 0x0000016cc4a70000]
 total_blobs=1421 nmethods=849 adapters=477
 compilation: enabled
              stopped_count=0, restarted_count=0
 full_count=0

Compilation events (20 events):
Event: 6.013 Thread 0x0000016cd13f9d10 nmethod 838 0x0000016cbd0d5390 code [0x0000016cbd0d55e0, 0x0000016cbd0d5dd8]
Event: 6.028 Thread 0x0000016cd13f9d10  839   !   3       sun.awt.AWTAutoShutdown::getPeer (43 bytes)
Event: 6.028 Thread 0x0000016cd13f9d10 nmethod 839 0x0000016cbd0d6190 code [0x0000016cbd0d6340, 0x0000016cbd0d6710]
Event: 6.035 Thread 0x0000016cd13f9d10  841   !   3       java.awt.Container::findComponentAt (42 bytes)
Event: 6.036 Thread 0x0000016cd13f9d10 nmethod 841 0x0000016cbd0d6910 code [0x0000016cbd0d6ae0, 0x0000016cbd0d6f30]
Event: 6.036 Thread 0x0000016cd13f9d10  843       3       sun.awt.windows.WObjectPeer::getPeerForTarget (10 bytes)
Event: 6.038 Thread 0x0000016cd13f9d10 nmethod 843 0x0000016cbd0d7110 code [0x0000016cbd0d7380, 0x0000016cbd0d7d40]
Event: 6.067 Thread 0x0000016cd13f9d10  844       3       java.awt.event.InvocationEvent::<init> (47 bytes)
Event: 6.067 Thread 0x0000016cd13f9d10 nmethod 844 0x0000016cbd0d8090 code [0x0000016cbd0d8240, 0x0000016cbd0d8560]
Event: 6.091 Thread 0x0000016cd13f9d10  845   !   3       java.awt.event.InvocationEvent::dispatch (69 bytes)
Event: 6.092 Thread 0x0000016cd13f9d10 nmethod 845 0x0000016cbd0d8610 code [0x0000016cbd0d8800, 0x0000016cbd0d8e60]
Event: 6.844 Thread 0x0000016cd13f9d10  846       3       java.lang.Thread::isVirtual (5 bytes)
Event: 6.844 Thread 0x0000016cd13f9d10 nmethod 846 0x0000016cbd0d9090 code [0x0000016cbd0d9220, 0x0000016cbd0d9408]
Event: 7.522 Thread 0x0000016cd13f9d10  847       1       java.beans.PropertyChangeEvent::getPropertyName (5 bytes)
Event: 7.523 Thread 0x0000016cd13f9d10 nmethod 847 0x0000016cc4aab790 code [0x0000016cc4aab920, 0x0000016cc4aab9e8]
Event: 7.532 Thread 0x0000016cd13f9d10  848   !   3       java.lang.ref.ReferenceQueue::poll (40 bytes)
Event: 7.533 Thread 0x0000016cd13f9d10 nmethod 848 0x0000016cbd0d9490 code [0x0000016cbd0d96e0, 0x0000016cbd0da130]
Event: 304.061 Thread 0x0000016cd13f5630  849       4       jdk.internal.org.objectweb.asm.SymbolTable::put (150 bytes)
Event: 304.064 Thread 0x0000016cd13f9d10  851       1       java.beans.PropertyChangeEvent::getNewValue (5 bytes)
Event: 304.065 Thread 0x0000016cd13f9d10 nmethod 851 0x0000016cc4aaba90 code [0x0000016cc4aabc20, 0x0000016cc4aabce8]

GC Heap History (0 events):
No events

Dll operation events (8 events):
Event: 0.009 Loaded shared library C:\Program Files\Java\jdk-22\bin\java.dll
Event: 0.042 Loaded shared library C:\Program Files\Java\jdk-22\bin\jsvml.dll
Event: 0.070 Loaded shared library C:\Program Files\Java\jdk-22\bin\net.dll
Event: 0.071 Loaded shared library C:\Program Files\Java\jdk-22\bin\nio.dll
Event: 0.105 Loaded shared library C:\Program Files\Java\jdk-22\bin\jimage.dll
Event: 0.116 Loaded shared library C:\Program Files\Java\jdk-22\bin\awt.dll
Event: 0.253 Loaded shared library C:\Program Files\Java\jdk-22\bin\freetype.dll
Event: 0.253 Loaded shared library C:\Program Files\Java\jdk-22\bin\fontmanager.dll

Deoptimization events (4 events):
Event: 0.194 Thread 0x0000016cb2b3ad80 Uncommon trap: trap_request=0xffffff45 fr.pc=0x0000016cc4a7fb0c relative=0x0000000000000a4c
Event: 0.194 Thread 0x0000016cb2b3ad80 Uncommon trap: reason=unstable_if action=reinterpret pc=0x0000016cc4a7fb0c method=java.util.HashMap.putVal(ILjava/lang/Object;Ljava/lang/Object;ZZ)Ljava/lang/Object; @ 236 c2
Event: 0.194 Thread 0x0000016cb2b3ad80 DEOPT PACKING pc=0x0000016cc4a7fb0c sp=0x00000049798fdc90
Event: 0.194 Thread 0x0000016cb2b3ad80 DEOPT UNPACKING pc=0x0000016cc45246a2 sp=0x00000049798fdc48 mode 2

Classes loaded (20 events):
Event: 0.333 Loading class java/awt/event/MouseWheelEvent
Event: 0.333 Loading class java/awt/event/MouseWheelEvent done
Event: 4.306 Loading class sun/awt/windows/WComponentPeer$1
Event: 4.307 Loading class sun/awt/windows/WComponentPeer$1 done
Event: 4.324 Loading class java/applet/Applet
Event: 4.326 Loading class java/awt/Panel
Event: 4.326 Loading class java/awt/Panel done
Event: 4.326 Loading class java/applet/Applet done
Event: 4.353 Loading class sun/java2d/opengl/OGLSurfaceData
Event: 4.354 Loading class sun/java2d/opengl/OGLSurfaceData done
Event: 7.523 Loading class java/awt/KeyboardFocusManager$2
Event: 7.523 Loading class java/awt/KeyboardFocusManager$2 done
Event: 7.523 Loading class sun/awt/SunToolkit$1
Event: 7.523 Loading class sun/awt/SunToolkit$1 done
Event: 304.062 Loading class java/util/WeakHashMap$KeyIterator
Event: 304.062 Loading class java/util/WeakHashMap$HashIterator
Event: 304.062 Loading class java/util/WeakHashMap$HashIterator done
Event: 304.062 Loading class java/util/WeakHashMap$KeyIterator done
Event: 304.063 Loading class javax/swing/RepaintManager$DisplayChangedRunnable
Event: 304.063 Loading class javax/swing/RepaintManager$DisplayChangedRunnable done

Classes unloaded (0 events):
No events

Classes redefined (0 events):
No events

Internal exceptions (14 events):
Event: 0.072 Thread 0x0000016cb2b3ad80 Exception <a 'sun/nio/fs/WindowsException'{0x000000008c2bc318}> (0x000000008c2bc318) 
thrown [s\open\src\hotspot\share\prims\jni.cpp, line 520]
Event: 0.073 Thread 0x0000016cb2b3ad80 Exception <a 'sun/nio/fs/WindowsException'{0x000000008c2beaf8}> (0x000000008c2beaf8) 
thrown [s\open\src\hotspot\share\prims\jni.cpp, line 520]
Event: 0.074 Thread 0x0000016cb2b3ad80 Exception <a 'sun/nio/fs/WindowsException'{0x000000008c2bf720}> (0x000000008c2bf720) 
thrown [s\open\src\hotspot\share\prims\jni.cpp, line 520]
Event: 0.109 Thread 0x0000016cb2b3ad80 Exception <a 'java/lang/ClassNotFoundException'{0x000000008c169758}: sun/awt/resources/spi/awtProvider> (0x000000008c169758) 
thrown [s\open\src\hotspot\share\classfile\systemDictionary.cpp, line 313]
Event: 0.125 Thread 0x0000016cb2b3ad80 Exception <a 'java/io/FileNotFoundException'{0x000000008c1bd8e0}> (0x000000008c1bd8e0) 
thrown [s\open\src\hotspot\share\prims\jni.cpp, line 520]
Event: 0.131 Thread 0x0000016cb2b3ad80 Exception <a 'java/io/FileNotFoundException'{0x000000008c1ebb98}> (0x000000008c1ebb98) 
thrown [s\open\src\hotspot\share\prims\jni.cpp, line 520]
Event: 0.197 Thread 0x0000016cb2b3ad80 Exception <a 'java/lang/NoSuchMethodError'{0x000000008bf09780}: 'void java.lang.invoke.DirectMethodHandle$Holder.invokeSpecial(java.lang.Object, java.lang.Object, java.lang.Object)'> (0x000000008bf09780) 
thrown [s\open\src\hotspot\share\interpreter\linkResolver.cpp, line 774]
Event: 0.202 Thread 0x0000016cb2b3ad80 Exception <a 'java/lang/NoSuchMethodError'{0x000000008bf2fb90}: 'java.lang.Object java.lang.invoke.DirectMethodHandle$Holder.newInvokeSpecial(java.lang.Object, java.lang.Object, java.lang.Object, java.lang.Object, java.lang.Object)'> (0x000000008bf2fb90) 
thrown [s\open\src\hotspot\share\interpreter\linkResolver.cpp, line 774]
Event: 0.207 Thread 0x0000016cb2b3ad80 Exception <a 'java/lang/NoSuchMethodError'{0x000000008bf5c4a8}: 'java.lang.Object java.lang.invoke.DirectMethodHandle$Holder.invokeStatic(java.lang.Object, int, java.lang.Object)'> (0x000000008bf5c4a8) 
thrown [s\open\src\hotspot\share\interpreter\linkResolver.cpp, line 774]
Event: 0.222 Thread 0x0000016cb2b3ad80 Exception <a 'java/lang/ClassNotFoundException'{0x000000008bffe218}: com/sun/swing/internal/plaf/metal/resources/spi/metalProvider> (0x000000008bffe218) 
thrown [s\open\src\hotspot\share\classfile\systemDictionary.cpp, line 313]
Event: 0.223 Thread 0x0000016cb2b3ad80 Exception <a 'java/lang/ClassNotFoundException'{0x000000008be02410}: com/sun/swing/internal/plaf/basic/resources/spi/basicProvider> (0x000000008be02410) 
thrown [s\open\src\hotspot\share\classfile\systemDictionary.cpp, line 313]
Event: 0.230 Thread 0x0000016cb2b3ad80 Exception <a 'java/lang/NoSuchMethodError'{0x000000008be21b00}: 'int java.lang.invoke.Invokers$Holder.invokeExact_MT(java.lang.Object, java.lang.Object)'> (0x000000008be21b00) 
thrown [s\open\src\hotspot\share\interpreter\linkResolver.cpp, line 774]
Event: 0.238 Thread 0x0000016cd1829aa0 Exception <a 'java/lang/NoSuchMethodError'{0x000000008be7fee8}: 'void java.lang.invoke.DirectMethodHandle$Holder.invokeVirtual(java.lang.Object, java.lang.Object)'> (0x000000008be7fee8) 
thrown [s\open\src\hotspot\share\interpreter\linkResolver.cpp, line 774]
Event: 0.249 Thread 0x0000016cb2b3ad80 Exception <a 'java/lang/NoSuchMethodError'{0x000000008be46ea0}: 'void java.lang.invoke.DirectMethodHandle$Holder.invokeStaticInit(java.lang.Object)'> (0x000000008be46ea0) 
thrown [s\open\src\hotspot\share\interpreter\linkResolver.cpp, line 774]

ZGC Phase Switch (0 events):
No events

VM Operations (20 events):
Event: 0.074 Executing VM operation: HandshakeAllThreads (Deoptimize)
Event: 0.074 Executing VM operation: HandshakeAllThreads (Deoptimize) done
Event: 0.242 Executing VM operation: HandshakeAllThreads (Deoptimize)
Event: 0.242 Executing VM operation: HandshakeAllThreads (Deoptimize) done
Event: 1.242 Executing VM operation: Cleanup
Event: 1.242 Executing VM operation: Cleanup done
Event: 2.246 Executing VM operation: Cleanup
Event: 2.246 Executing VM operation: Cleanup done
Event: 3.247 Executing VM operation: Cleanup
Event: 3.247 Executing VM operation: Cleanup done
Event: 5.264 Executing VM operation: Cleanup
Event: 5.264 Executing VM operation: Cleanup done
Event: 6.278 Executing VM operation: Cleanup
Event: 6.278 Executing VM operation: Cleanup done
Event: 8.279 Executing VM operation: Cleanup
Event: 8.279 Executing VM operation: Cleanup done
Event: 60.078 Executing VM operation: HandshakeAllThreads (HandshakeForDeflation)
Event: 60.079 Executing VM operation: HandshakeAllThreads (HandshakeForDeflation) done
Event: 60.079 Executing VM operation: RendezvousGCThreads
Event: 60.079 Executing VM operation: RendezvousGCThreads done

Events (17 events):
Event: 0.026 Thread 0x0000016cb2b3ad80 Thread added: 0x0000016cb2b3ad80
Event: 0.040 Thread 0x0000016cd13bba70 Thread added: 0x0000016cd13bba70
Event: 0.040 Thread 0x0000016cd13bd560 Thread added: 0x0000016cd13bd560
Event: 0.040 Thread 0x0000016cd13bf7b0 Thread added: 0x0000016cd13bf7b0
Event: 0.040 Thread 0x0000016cd13c0450 Thread added: 0x0000016cd13c0450
Event: 0.040 Thread 0x0000016cd13c4fe0 Thread added: 0x0000016cd13c4fe0
Event: 0.040 Thread 0x0000016cd13c5800 Thread added: 0x0000016cd13c5800
Event: 0.041 Thread 0x0000016cd13f5630 Thread added: 0x0000016cd13f5630
Event: 0.041 Thread 0x0000016cd13f9d10 Thread added: 0x0000016cd13f9d10
Event: 0.061 Thread 0x0000016cd1604cf0 Thread added: 0x0000016cd1604cf0
Event: 0.095 Thread 0x0000016cd1724230 Thread added: 0x0000016cd1724230
Event: 0.172 Thread 0x0000016cd17c55e0 Thread added: 0x0000016cd17c55e0
Event: 0.173 Thread 0x0000016cd18216f0 Thread added: 0x0000016cd18216f0
Event: 0.174 Thread 0x0000016cd1829aa0 Thread added: 0x0000016cd1829aa0
Event: 0.237 Thread 0x0000016cd187a8e0 Thread added: 0x0000016cd187a8e0
Event: 0.295 Thread 0x0000016cb2b3ad80 Thread exited: 0x0000016cb2b3ad80
Event: 0.295 Thread 0x0000016cb2b3ad80 Thread added: 0x0000016cb2b3ad80


Dynamic libraries:
0x00007ff7818d0000 - 0x00007ff7818e0000 	C:\Program Files\Java\jdk-22\bin\java.exe
0x00007ffda6410000 - 0x00007ffda6608000 	C:\Windows\SYSTEM32\ntdll.dll
0x00007ffda58d0000 - 0x00007ffda5992000 	C:\Windows\System32\KERNEL32.DLL
0x00007ffda3e10000 - 0x00007ffda410e000 	C:\Windows\System32\KERNELBASE.dll
0x00007ffda3ce0000 - 0x00007ffda3de0000 	C:\Windows\System32\ucrtbase.dll
0x00007ffd9f010000 - 0x00007ffd9f027000 	C:\Program Files\Java\jdk-22\bin\jli.dll
0x00007ffd9f670000 - 0x00007ffd9f68b000 	C:\Program Files\Java\jdk-22\bin\VCRUNTIME140.dll
0x00007ffda49e0000 - 0x00007ffda4a91000 	C:\Windows\System32\ADVAPI32.dll
0x00007ffda4c10000 - 0x00007ffda4cae000 	C:\Windows\System32\msvcrt.dll
0x00007ffda5ad0000 - 0x00007ffda5b6f000 	C:\Windows\System32\sechost.dll
0x00007ffda60f0000 - 0x00007ffda6213000 	C:\Windows\System32\RPCRT4.dll
0x00007ffda3de0000 - 0x00007ffda3e07000 	C:\Windows\System32\bcrypt.dll
0x00007ffda44e0000 - 0x00007ffda467d000 	C:\Windows\System32\USER32.dll
0x00007ffda3b50000 - 0x00007ffda3b72000 	C:\Windows\System32\win32u.dll
0x00007ffd86af0000 - 0x00007ffd86d8a000 	C:\Windows\WinSxS\amd64_microsoft.windows.common-controls_6595b64144ccf1df_6.0.19041.4355_none_60b8b9eb71f62e16\COMCTL32.dll
0x00007ffda4b80000 - 0x00007ffda4bab000 	C:\Windows\System32\GDI32.dll
0x00007ffda4110000 - 0x00007ffda4227000 	C:\Windows\System32\gdi32full.dll
0x00007ffda3ab0000 - 0x00007ffda3b4d000 	C:\Windows\System32\msvcp_win.dll
0x00007ffd9ea10000 - 0x00007ffd9ea1a000 	C:\Windows\SYSTEM32\VERSION.dll
0x00007ffda5710000 - 0x00007ffda573f000 	C:\Windows\System32\IMM32.DLL
0x00007ffd9f5a0000 - 0x00007ffd9f5ac000 	C:\Program Files\Java\jdk-22\bin\vcruntime140_1.dll
0x00007ffd83470000 - 0x00007ffd834fe000 	C:\Program Files\Java\jdk-22\bin\msvcp140.dll
0x00007ffd41600000 - 0x00007ffd42347000 	C:\Program Files\Java\jdk-22\bin\server\jvm.dll
0x00007ffda5420000 - 0x00007ffda548b000 	C:\Windows\System32\WS2_32.dll
0x00007ffda3910000 - 0x00007ffda395b000 	C:\Windows\SYSTEM32\POWRPROF.dll
0x00007ffd8c1c0000 - 0x00007ffd8c1e7000 	C:\Windows\SYSTEM32\WINMM.dll
0x00007ffda38f0000 - 0x00007ffda3902000 	C:\Windows\SYSTEM32\UMPDC.dll
0x00007ffda22d0000 - 0x00007ffda22e2000 	C:\Windows\SYSTEM32\kernel.appcore.dll
0x00007ffd9f510000 - 0x00007ffd9f51a000 	C:\Program Files\Java\jdk-22\bin\jimage.dll
0x00007ffda1670000 - 0x00007ffda1854000 	C:\Windows\SYSTEM32\DBGHELP.DLL
0x00007ffd81a40000 - 0x00007ffd81a74000 	C:\Windows\SYSTEM32\dbgcore.DLL
0x00007ffda4230000 - 0x00007ffda42b2000 	C:\Windows\System32\bcryptPrimitives.dll
0x00007ffd9f520000 - 0x00007ffd9f53e000 	C:\Program Files\Java\jdk-22\bin\java.dll
0x00007ffda4cb0000 - 0x00007ffda541d000 	C:\Windows\System32\SHELL32.dll
0x00007ffda5740000 - 0x00007ffda586b000 	C:\Windows\System32\ole32.dll
0x00007ffda4680000 - 0x00007ffda49d3000 	C:\Windows\System32\combase.dll
0x00007ffda1b10000 - 0x00007ffda22b4000 	C:\Windows\SYSTEM32\windows.storage.dll
0x00007ffda3410000 - 0x00007ffda343e000 	C:\Windows\SYSTEM32\Wldp.dll
0x00007ffda59a0000 - 0x00007ffda5a6d000 	C:\Windows\System32\OLEAUT32.dll
0x00007ffda6040000 - 0x00007ffda60ed000 	C:\Windows\System32\SHCORE.dll
0x00007ffda5fe0000 - 0x00007ffda6035000 	C:\Windows\System32\shlwapi.dll
0x00007ffda39e0000 - 0x00007ffda3a04000 	C:\Windows\SYSTEM32\profapi.dll
0x00007ffd7b9d0000 - 0x00007ffd7baa7000 	C:\Program Files\Java\jdk-22\bin\jsvml.dll
0x00007ffd9f3c0000 - 0x00007ffd9f3d0000 	C:\Program Files\Java\jdk-22\bin\net.dll
0x00007ffda3170000 - 0x00007ffda31da000 	C:\Windows\system32\mswsock.dll
0x00007ffd9c280000 - 0x00007ffd9c296000 	C:\Program Files\Java\jdk-22\bin\nio.dll
0x00007ffd6c9c0000 - 0x00007ffd6cb4e000 	C:\Program Files\Java\jdk-22\bin\awt.dll
0x00007ffd9eca0000 - 0x00007ffd9ed34000 	C:\Windows\SYSTEM32\apphelp.dll
0x00007ffda10d0000 - 0x00007ffda10ff000 	C:\Windows\system32\DWMAPI.DLL
0x00007ffda0ee0000 - 0x00007ffda0f7e000 	C:\Windows\system32\uxtheme.dll
0x00007ffd84000000 - 0x00007ffd84128000 	C:\Windows\system32\opengl32.dll
0x00007ffd90b80000 - 0x00007ffd90bac000 	C:\Windows\SYSTEM32\GLU32.dll
0x00007ffda54a0000 - 0x00007ffda55b5000 	C:\Windows\System32\MSCTF.dll
0x00007ffd79320000 - 0x00007ffd793a7000 	C:\Program Files\Java\jdk-22\bin\freetype.dll
0x00007ffd6c260000 - 0x00007ffd6c337000 	C:\Program Files\Java\jdk-22\bin\fontmanager.dll
0x00007ffd82bf0000 - 0x00007ffd82ce9000 	C:\Windows\SYSTEM32\textinputframework.dll
0x00007ffd9e410000 - 0x00007ffd9e76b000 	C:\Windows\System32\CoreUIComponents.dll
0x00007ffd9e770000 - 0x00007ffd9e862000 	C:\Windows\System32\CoreMessaging.dll
0x00007ffda2ce0000 - 0x00007ffda2d13000 	C:\Windows\SYSTEM32\ntmarta.dll
0x00007ffd9fee0000 - 0x00007ffda0037000 	C:\Windows\SYSTEM32\wintypes.dll

dbghelp: loaded successfully - version: 4.0.5 - missing functions: none
symbol engine: initialized successfully - sym options: 0x614 - pdb path: .;C:\Program Files\Java\jdk-22\bin;C:\Windows\SYSTEM32;C:\Windows\WinSxS\amd64_microsoft.windows.common-controls_6595b64144ccf1df_6.0.19041.4355_none_60b8b9eb71f62e16;C:\Program Files\Java\jdk-22\bin\server

VM Arguments:
jvm_args: -Dfile.encoding=UTF-8 --module-path=C:\Users\DUBAI LAPTOP BAZAR\Documents\NetBeansProjects\University Management System\build\classes 
java_command: university.management.system.Project
java_class_path (initial): C:\Users\DUBAI LAPTOP BAZAR\Documents\NetBeansProjects\University Management System\build\classes
Launcher Type: SUN_STANDARD

[Global flags]
     intx CICompilerCount                          = 4                                         {product} {ergonomic}
     uint ConcGCThreads                            = 2                                         {product} {ergonomic}
     uint G1ConcRefinementThreads                  = 8                                         {product} {ergonomic}
   size_t G1HeapRegionSize                         = 1048576                                   {product} {ergonomic}
   size_t InitialHeapSize                          = 130023424                                 {product} {ergonomic}
   size_t MarkStackSize                            = 4194304                                   {product} {ergonomic}
   size_t MaxHeapSize                              = 2071986176                                {product} {ergonomic}
   size_t MaxNewSize                               = 1242562560                                {product} {ergonomic}
   size_t MinHeapDeltaBytes                        = 1048576                                   {product} {ergonomic}
   size_t MinHeapSize                              = 8388608                                   {product} {ergonomic}
    uintx NonNMethodCodeHeapSize                   = 5839372                                {pd product} {ergonomic}
    uintx NonProfiledCodeHeapSize                  = 122909434                              {pd product} {ergonomic}
    uintx ProfiledCodeHeapSize                     = 122909434                              {pd product} {ergonomic}
    uintx ReservedCodeCacheSize                    = 251658240                              {pd product} {ergonomic}
     bool SegmentedCodeCache                       = true                                      {product} {ergonomic}
   size_t SoftMaxHeapSize                          = 2071986176                             {manageable} {ergonomic}
     bool UseCompressedOops                        = true                           {product lp64_product} {ergonomic}
     bool UseG1GC                                  = true                                      {product} {ergonomic}
     bool UseLargePagesIndividualAllocation        = false                                  {pd product} {ergonomic}

Logging:
Log output configuration:
 #0: stdout all=warning uptime,level,tags foldmultilines=false
 #1: stderr all=off uptime,level,tags foldmultilines=false

Environment Variables:
PATH=C:\Program Files\Common Files\Oracle\Java\javapath;C:\Windows\system32;C:\Windows;C:\Windows\System32\Wbem;C:\Windows\System32\WindowsPowerShell\v1.0\;C:\Windows\System32\OpenSSH\;C:\Program Files\MySQL\MySQL Server 8.0\bin;C:\Program Files\Java\jdk-17\bin;C:\Program Files\MySQL\MySQL Shell 8.0\bin\;C:\Users\DUBAI LAPTOP BAZAR\AppData\Local\Programs\Python\Python313\Scripts\;C:\Users\DUBAI LAPTOP BAZAR\AppData\Local\Programs\Python\Python313\;C:\Users\DUBAI LAPTOP BAZAR\AppData\Local\Programs\Python\Python311\Scripts\;C:\Users\DUBAI LAPTOP BAZAR\AppData\Local\Programs\Python\Python311\;C:\Users\DUBAI LAPTOP BAZAR\AppData\Local\Microsoft\WindowsApps;C:\Users\DUBAI LAPTOP BAZAR\AppData\Local\Programs\Microsoft VS Code\bin;C:\Program Files\JetBrains\PyCharm Community Edition 2024.3\bin;
USERNAME=DUBAI LAPTOP BAZAR
OS=Windows_NT
PROCESSOR_IDENTIFIER=Intel64 Family 6 Model 142 Stepping 12, GenuineIntel
TMP=C:\Users\DUBAIL~1\AppData\Local\Temp
TEMP=C:\Users\DUBAIL~1\AppData\Local\Temp




Periodic native trim disabled

---------------  S Y S T E M  ---------------

OS:
 Windows 10 , 64 bit Build 19041 (10.0.19041.5198)
OS uptime: 1 days 0:38 hours

CPU: total 8 (initial active 8) (4 cores per cpu, 2 threads per core) family 6 model 142 stepping 12 microcode 0xf8, cx8, cmov, fxsr, ht, mmx, 3dnowpref, sse, sse2, sse3, ssse3, sse4.1, sse4.2, popcnt, lzcnt, tsc, tscinvbit, avx, avx2, aes, erms, clmul, bmi1, bmi2, adx, fma, vzeroupper, clflush, clflushopt, rdtscp, f16c
Processor Information for all 8 processors :
  Max Mhz: 1896, Current Mhz: 1596, Mhz Limit: 1592

Memory: 4k page, system-wide physical 7902M (1410M free)
TotalPageFile size 20721M (AvailPageFile size 267M)
current process WorkingSet (physical memory assigned to process): 85M, peak: 85M
current process commit charge ("private bytes"): 229M, peak: 229M

vm_info: Java HotSpot(TM) 64-Bit Server VM (22.0.1+8-16) for windows-amd64 JRE (22.0.1+8-16), built on 2024-03-12T10:33:16Z by "mach5one" with MS VC++ 17.6 (VS2022)

END.
