#
# There is insufficient memory for the Java Runtime Environment to continue.
# Native memory allocation (malloc) failed to allocate 32744 bytes. Error detail: Chunk::new
# Possible reasons:
#   The system is out of physical RAM or swap space
#   This process is running with CompressedOops enabled, and the Java Heap may be blocking the growth of the native heap
# Possible solutions:
#   Reduce memory load on the system
#   Increase physical memory or swap space
#   Check if swap backing store is full
#   Decrease Java heap size (-Xmx/-Xms)
#   Decrease number of Java threads
#   Decrease Java thread stack sizes (-Xss)
#   Set larger code cache with -XX:ReservedCodeCacheSize=
#   JVM is running with Unscaled Compressed Oops mode in which the Java heap is
#     placed in the first 4GB address space. The Java Heap base address is the
#     maximum limit for the native heap growth. Please use -XX:HeapBaseMinAddress
#     to set the Java Heap base and to place the Java Heap above 4GB virtual address.
# This output file may be truncated or incomplete.
#
#  Out of Memory Error (arena.cpp:150), pid=12052, tid=12852
#
# JRE version: Java(TM) SE Runtime Environment (22.0.1+8) (build 22.0.1+8-16)
# Java VM: Java HotSpot(TM) 64-Bit Server VM (22.0.1+8-16, mixed mode, sharing, tiered, compressed oops, compressed class ptrs, g1 gc, windows-amd64)
# No core dump will be written. Minidumps are not enabled by default on client versions of Windows
#

---------------  S U M M A R Y ------------

Command Line: -Dfile.encoding=UTF-8 --module-path=C:\Users\DUBAI LAPTOP BAZAR\Documents\NetBeansProjects\University Management System\build\classes university.management.system.Project

Host: Intel(R) Core(TM) i5-8365U CPU @ 1.60GHz, 8 cores, 7G,  Windows 10 , 64 bit Build 19041 (10.0.19041.5198)
Time: Tue Jan 14 20:08:29 2025 Bangladesh Standard Time elapsed time: 12.321578 seconds (0d 0h 0m 12s)

---------------  T H R E A D  ---------------

Current thread (0x0000019cfab69d20):  JavaThread "C2 CompilerThread0" daemon [_thread_in_native, id=12852, stack(0x000000587df00000,0x000000587e000000) (1024K)]


Current CompileTask:
C2:12321  987       4       java.util.Arrays::binarySearch0 (95 bytes)

Stack: [0x000000587df00000,0x000000587e000000]
Native frames: (J=compiled Java code, j=interpreted, Vv=VM code, C=native code)
V  [jvm.dll+0x6e2279]  (no source info available)
V  [jvm.dll+0x874e33]  (no source info available)
V  [jvm.dll+0x87725e]  (no source info available)
V  [jvm.dll+0x877933]  (no source info available)
V  [jvm.dll+0x27fd76]  (no source info available)
V  [jvm.dll+0xc3d0f]  (no source info available)
V  [jvm.dll+0xc3f6b]  (no source info available)
V  [jvm.dll+0x2e7a16]  (no source info available)
V  [jvm.dll+0x2e780b]  (no source info available)
V  [jvm.dll+0x830950]  (no source info available)
V  [jvm.dll+0x82dba8]  (no source info available)
V  [jvm.dll+0x70c1db]  (no source info available)
V  [jvm.dll+0x398123]  (no source info available)
V  [jvm.dll+0x6ff96b]  (no source info available)
V  [jvm.dll+0x6ff758]  (no source info available)
V  [jvm.dll+0x6faa97]  (no source info available)
V  [jvm.dll+0x6f4fcf]  (no source info available)
V  [jvm.dll+0x6f4587]  (no source info available)
V  [jvm.dll+0x6f2764]  (no source info available)
V  [jvm.dll+0x1c805c]  (no source info available)
V  [jvm.dll+0x1c8bdb]  (no source info available)
V  [jvm.dll+0x1c8bdb]  (no source info available)
V  [jvm.dll+0x2f2e3f]  (no source info available)
V  [jvm.dll+0x6fcc87]  (no source info available)
V  [jvm.dll+0x6f4fcf]  (no source info available)
V  [jvm.dll+0x6f4587]  (no source info available)
V  [jvm.dll+0x6f2764]  (no source info available)
V  [jvm.dll+0x1c805c]  (no source info available)
V  [jvm.dll+0x246c2b]  (no source info available)
V  [jvm.dll+0x1c4e90]  (no source info available)
V  [jvm.dll+0x2569fe]  (no source info available)
V  [jvm.dll+0x254cba]  (no source info available)
V  [jvm.dll+0x3f5336]  (no source info available)
V  [jvm.dll+0x81d44b]  (no source info available)
V  [jvm.dll+0x6e0915]  (no source info available)
C  [ucrtbase.dll+0x21bb2]  (no source info available)
C  [KERNEL32.DLL+0x17374]  (no source info available)
C  [ntdll.dll+0x4cc91]  (no source info available)


---------------  P R O C E S S  ---------------

Threads class SMR info:
_java_thread_list=0x0000019cd44c3000, length=15, elements={
0x0000019cfab59990, 0x0000019cfab5c570, 0x0000019cfab5d330, 0x0000019cfab5e1b0,
0x0000019cfab60230, 0x0000019cfab60c90, 0x0000019cfab69d20, 0x0000019cfab6a7d0,
0x0000019cfab280c0, 0x0000019cd4341ad0, 0x0000019cd4425850, 0x0000019cd442b1a0,
0x0000019cd442f110, 0x0000019cd44c0ff0, 0x0000019ceb300140
}

Java Threads: ( => current thread )
  0x0000019cfab59990 JavaThread "Reference Handler"          daemon [_thread_blocked, id=6856, stack(0x000000587d900000,0x000000587da00000) (1024K)]
  0x0000019cfab5c570 JavaThread "Finalizer"                  daemon [_thread_blocked, id=18296, stack(0x000000587da00000,0x000000587db00000) (1024K)]
  0x0000019cfab5d330 JavaThread "Signal Dispatcher"          daemon [_thread_blocked, id=8072, stack(0x000000587db00000,0x000000587dc00000) (1024K)]
  0x0000019cfab5e1b0 JavaThread "Attach Listener"            daemon [_thread_blocked, id=19732, stack(0x000000587dc00000,0x000000587dd00000) (1024K)]
  0x0000019cfab60230 JavaThread "Service Thread"             daemon [_thread_blocked, id=4916, stack(0x000000587dd00000,0x000000587de00000) (1024K)]
  0x0000019cfab60c90 JavaThread "Monitor Deflation Thread"   daemon [_thread_blocked, id=19896, stack(0x000000587de00000,0x000000587df00000) (1024K)]
=>0x0000019cfab69d20 JavaThread "C2 CompilerThread0"         daemon [_thread_in_native, id=12852, stack(0x000000587df00000,0x000000587e000000) (1024K)]
  0x0000019cfab6a7d0 JavaThread "C1 CompilerThread0"         daemon [_thread_blocked, id=20576, stack(0x000000587e000000,0x000000587e100000) (1024K)]
  0x0000019cfab280c0 JavaThread "Common-Cleaner"             daemon [_thread_blocked, id=7304, stack(0x000000587e100000,0x000000587e200000) (1024K)]
  0x0000019cd4341ad0 JavaThread "Notification Thread"        daemon [_thread_blocked, id=12584, stack(0x000000587e300000,0x000000587e400000) (1024K)]
  0x0000019cd4425850 JavaThread "Java2D Disposer"            daemon [_thread_blocked, id=19136, stack(0x000000587e400000,0x000000587e500000) (1024K)]
  0x0000019cd442b1a0 JavaThread "AWT-Shutdown"                      [_thread_blocked, id=15104, stack(0x000000587e500000,0x000000587e600000) (1024K)]
  0x0000019cd442f110 JavaThread "AWT-Windows"                daemon [_thread_in_vm, id=19992, stack(0x000000587e600000,0x000000587e700000) (1024K)]
  0x0000019cd44c0ff0 JavaThread "AWT-EventQueue-0"                  [_thread_blocked, id=19940, stack(0x000000587e200000,0x000000587e300000) (1024K)]
  0x0000019ceb300140 JavaThread "DestroyJavaVM"                     [_thread_blocked, id=20684, stack(0x000000587d100000,0x000000587d200000) (1024K)]
Total: 15

Other Threads:
  0x0000019cfab3e090 VMThread "VM Thread"                           [id=19920, stack(0x000000587d800000,0x000000587d900000) (1024K)]
  0x0000019cfab26ce0 WatcherThread "VM Periodic Task Thread"        [id=13676, stack(0x000000587d700000,0x000000587d800000) (1024K)]
  0x0000019ced454840 WorkerThread "GC Thread#0"                     [id=14544, stack(0x000000587d200000,0x000000587d300000) (1024K)]
  0x0000019cd5b2c6c0 WorkerThread "GC Thread#1"                     [id=20064, stack(0x000000587e800000,0x000000587e900000) (1024K)]
  0x0000019cd5b2ca70 WorkerThread "GC Thread#2"                     [id=14876, stack(0x000000587e900000,0x000000587ea00000) (1024K)]
  0x0000019cd5b29ef0 WorkerThread "GC Thread#3"                     [id=21172, stack(0x000000587ea00000,0x000000587eb00000) (1024K)]
  0x0000019cd5b4e460 WorkerThread "GC Thread#4"                     [id=20664, stack(0x000000587eb00000,0x000000587ec00000) (1024K)]
  0x0000019cd5b4e810 WorkerThread "GC Thread#5"                     [id=20536, stack(0x000000587ec00000,0x000000587ed00000) (1024K)]
  0x0000019cd5b4ebc0 WorkerThread "GC Thread#6"                     [id=7468, stack(0x000000587ed00000,0x000000587ee00000) (1024K)]
  0x0000019cd5b50f80 WorkerThread "GC Thread#7"                     [id=20432, stack(0x000000587ee00000,0x000000587ef00000) (1024K)]
  0x0000019ced465a40 ConcurrentGCThread "G1 Main Marker"            [id=19668, stack(0x000000587d300000,0x000000587d400000) (1024K)]
  0x0000019ced466600 WorkerThread "G1 Conc#0"                       [id=20500, stack(0x000000587d400000,0x000000587d500000) (1024K)]
  0x0000019cfa9f99d0 ConcurrentGCThread "G1 Refine#0"               [id=17716, stack(0x000000587d500000,0x000000587d600000) (1024K)]
  0x0000019cfa9fa360 ConcurrentGCThread "G1 Service"                [id=21376, stack(0x000000587d600000,0x000000587d700000) (1024K)]
Total: 14

Threads with active compile tasks:
C2 CompilerThread0  12439  987       4       java.util.Arrays::binarySearch0 (95 bytes)
Total: 1

VM state: not at safepoint (normal execution)

VM Mutex/Monitor currently owned by a thread: None

Heap address: 0x0000000084800000, size: 1976 MB, Compressed Oops mode: 32-bit

CDS archive(s) mapped at: [0x0000019c8f000000-0x0000019c8fc60000-0x0000019c8fc60000), size 12976128, SharedBaseAddress: 0x0000019c8f000000, ArchiveRelocationMode: 1.
Compressed class space mapped at: 0x0000019c90000000-0x0000019cd0000000, reserved size: 1073741824
Narrow klass base: 0x0000019c8f000000, Narrow klass shift: 0, Narrow klass range: 0x41000000

GC Precious Log:
 CardTable entry size: 512
 Card Set container configuration: InlinePtr #cards 5 size 8 Array Of Cards #cards 12 size 40 Howl #buckets 4 coarsen threshold 1843 Howl Bitmap #cards 512 size 80 coarsen threshold 460 Card regions per heap region 1 cards per card region 2048
 CPUs: 8 total, 8 available
 Memory: 7902M
 Large Page Support: Disabled
 NUMA Support: Disabled
 Compressed Oops: Enabled (32-bit)
 Heap Region Size: 1M
 Heap Min Capacity: 8M
 Heap Initial Capacity: 124M
 Heap Max Capacity: 1976M
 Pre-touch: Disabled
 Parallel Workers: 8
 Concurrent Workers: 2
 Concurrent Refinement Workers: 8
 Periodic GC: Disabled

Heap:
 garbage-first heap   total reserved 2023424K, committed 126976K, used 82560K [0x0000000084800000, 0x0000000100000000)
  region size 1024K, 38 young (38912K), 3 survivors (3072K)
 Metaspace       used 6826K, committed 7040K, reserved 1114112K
  class space    used 727K, committed 832K, reserved 1048576K

Heap Regions: E=young(eden), S=young(survivor), O=old, HS=humongous(starts), HC=humongous(continues), CS=collection set, F=free, TAMS=top-at-mark-start, PB=parsable bottom
|   0|0x0000000084800000, 0x0000000084900000, 0x0000000084900000|100%|HS|  |TAMS 0x0000000084800000| PB 0x0000000084800000| Complete |  0
|   1|0x0000000084900000, 0x0000000084a00000, 0x0000000084a00000|100%|HC|  |TAMS 0x0000000084900000| PB 0x0000000084900000| Complete |  0
|   2|0x0000000084a00000, 0x0000000084b00000, 0x0000000084b00000|100%|HC|  |TAMS 0x0000000084a00000| PB 0x0000000084a00000| Complete |  0
|   3|0x0000000084b00000, 0x0000000084c00000, 0x0000000084c00000|100%|HC|  |TAMS 0x0000000084b00000| PB 0x0000000084b00000| Complete |  0
|   4|0x0000000084c00000, 0x0000000084d00000, 0x0000000084d00000|100%|HC|  |TAMS 0x0000000084c00000| PB 0x0000000084c00000| Complete |  0
|   5|0x0000000084d00000, 0x0000000084e00000, 0x0000000084e00000|100%|HC|  |TAMS 0x0000000084d00000| PB 0x0000000084d00000| Complete |  0
|   6|0x0000000084e00000, 0x0000000084f00000, 0x0000000084f00000|100%|HC|  |TAMS 0x0000000084e00000| PB 0x0000000084e00000| Complete |  0
|   7|0x0000000084f00000, 0x0000000085000000, 0x0000000085000000|100%|HC|  |TAMS 0x0000000084f00000| PB 0x0000000084f00000| Complete |  0
|   8|0x0000000085000000, 0x0000000085100000, 0x0000000085100000|100%|HC|  |TAMS 0x0000000085000000| PB 0x0000000085000000| Complete |  0
|   9|0x0000000085100000, 0x0000000085200000, 0x0000000085200000|100%|HC|  |TAMS 0x0000000085100000| PB 0x0000000085100000| Complete |  0
|  10|0x0000000085200000, 0x0000000085300000, 0x0000000085300000|100%|HC|  |TAMS 0x0000000085200000| PB 0x0000000085200000| Complete |  0
|  11|0x0000000085300000, 0x0000000085400000, 0x0000000085400000|100%|HC|  |TAMS 0x0000000085300000| PB 0x0000000085300000| Complete |  0
|  12|0x0000000085400000, 0x0000000085500000, 0x0000000085500000|100%|HC|  |TAMS 0x0000000085400000| PB 0x0000000085400000| Complete |  0
|  13|0x0000000085500000, 0x0000000085600000, 0x0000000085600000|100%|HC|  |TAMS 0x0000000085500000| PB 0x0000000085500000| Complete |  0
|  14|0x0000000085600000, 0x0000000085700000, 0x0000000085700000|100%|HC|  |TAMS 0x0000000085600000| PB 0x0000000085600000| Complete |  0
|  15|0x0000000085700000, 0x0000000085800000, 0x0000000085800000|100%|HC|  |TAMS 0x0000000085700000| PB 0x0000000085700000| Complete |  0
|  16|0x0000000085800000, 0x0000000085900000, 0x0000000085900000|100%|HC|  |TAMS 0x0000000085800000| PB 0x0000000085800000| Complete |  0
|  17|0x0000000085900000, 0x0000000085a00000, 0x0000000085a00000|100%|HC|  |TAMS 0x0000000085900000| PB 0x0000000085900000| Complete |  0
|  18|0x0000000085a00000, 0x0000000085b00000, 0x0000000085b00000|100%|HC|  |TAMS 0x0000000085a00000| PB 0x0000000085a00000| Complete |  0
|  19|0x0000000085b00000, 0x0000000085c00000, 0x0000000085c00000|100%|HC|  |TAMS 0x0000000085b00000| PB 0x0000000085b00000| Complete |  0
|  20|0x0000000085c00000, 0x0000000085d00000, 0x0000000085d00000|100%|HC|  |TAMS 0x0000000085c00000| PB 0x0000000085c00000| Complete |  0
|  21|0x0000000085d00000, 0x0000000085e00000, 0x0000000085e00000|100%|HC|  |TAMS 0x0000000085d00000| PB 0x0000000085d00000| Complete |  0
|  22|0x0000000085e00000, 0x0000000085f00000, 0x0000000085f00000|100%|HC|  |TAMS 0x0000000085e00000| PB 0x0000000085e00000| Complete |  0
|  23|0x0000000085f00000, 0x0000000086000000, 0x0000000086000000|100%|HC|  |TAMS 0x0000000085f00000| PB 0x0000000085f00000| Complete |  0
|  24|0x0000000086000000, 0x0000000086100000, 0x0000000086100000|100%|HC|  |TAMS 0x0000000086000000| PB 0x0000000086000000| Complete |  0
|  25|0x0000000086100000, 0x0000000086200000, 0x0000000086200000|100%|HC|  |TAMS 0x0000000086100000| PB 0x0000000086100000| Complete |  0
|  26|0x0000000086200000, 0x0000000086300000, 0x0000000086300000|100%|HC|  |TAMS 0x0000000086200000| PB 0x0000000086200000| Complete |  0
|  27|0x0000000086300000, 0x0000000086400000, 0x0000000086400000|100%|HC|  |TAMS 0x0000000086300000| PB 0x0000000086300000| Complete |  0
|  28|0x0000000086400000, 0x0000000086500000, 0x0000000086500000|100%|HC|  |TAMS 0x0000000086400000| PB 0x0000000086400000| Complete |  0
|  29|0x0000000086500000, 0x0000000086600000, 0x0000000086600000|100%|HC|  |TAMS 0x0000000086500000| PB 0x0000000086500000| Complete |  0
|  30|0x0000000086600000, 0x0000000086700000, 0x0000000086700000|100%|HC|  |TAMS 0x0000000086600000| PB 0x0000000086600000| Complete |  0
|  31|0x0000000086700000, 0x0000000086800000, 0x0000000086800000|100%|HC|  |TAMS 0x0000000086700000| PB 0x0000000086700000| Complete |  0
|  32|0x0000000086800000, 0x0000000086900000, 0x0000000086900000|100%|HS|  |TAMS 0x0000000086800000| PB 0x0000000086800000| Complete |  0
|  33|0x0000000086900000, 0x0000000086a00000, 0x0000000086a00000|100%|HC|  |TAMS 0x0000000086900000| PB 0x0000000086900000| Complete |  0
|  34|0x0000000086a00000, 0x0000000086b00000, 0x0000000086b00000|100%|HC|  |TAMS 0x0000000086a00000| PB 0x0000000086a00000| Complete |  0
|  35|0x0000000086b00000, 0x0000000086c00000, 0x0000000086c00000|100%|HC|  |TAMS 0x0000000086b00000| PB 0x0000000086b00000| Complete |  0
|  36|0x0000000086c00000, 0x0000000086d00000, 0x0000000086d00000|100%|HC|  |TAMS 0x0000000086c00000| PB 0x0000000086c00000| Complete |  0
|  37|0x0000000086d00000, 0x0000000086e00000, 0x0000000086e00000|100%|HS|  |TAMS 0x0000000086d00000| PB 0x0000000086d00000| Complete |  0
|  38|0x0000000086e00000, 0x0000000086f00000, 0x0000000086f00000|100%|HC|  |TAMS 0x0000000086e00000| PB 0x0000000086e00000| Complete |  0
|  39|0x0000000086f00000, 0x0000000087000000, 0x0000000087000000|100%|HC|  |TAMS 0x0000000086f00000| PB 0x0000000086f00000| Complete |  0
|  40|0x0000000087000000, 0x0000000087100000, 0x0000000087100000|100%|HC|  |TAMS 0x0000000087000000| PB 0x0000000087000000| Complete |  0
|  41|0x0000000087100000, 0x0000000087200000, 0x0000000087200000|100%|HC|  |TAMS 0x0000000087100000| PB 0x0000000087100000| Complete |  0
|  42|0x0000000087200000, 0x0000000087300000, 0x0000000087300000|100%|HC|  |TAMS 0x0000000087200000| PB 0x0000000087200000| Complete |  0
|  43|0x0000000087300000, 0x0000000087400000, 0x0000000087400000|100%|HC|  |TAMS 0x0000000087300000| PB 0x0000000087300000| Complete |  0
|  44|0x0000000087400000, 0x0000000087500000, 0x0000000087500000|100%|HC|  |TAMS 0x0000000087400000| PB 0x0000000087400000| Complete |  0
|  45|0x0000000087500000, 0x0000000087500000, 0x0000000087600000|  0%| F|  |TAMS 0x0000000087500000| PB 0x0000000087500000| Untracked |  0
|  46|0x0000000087600000, 0x0000000087600000, 0x0000000087700000|  0%| F|  |TAMS 0x0000000087600000| PB 0x0000000087600000| Untracked |  0
|  47|0x0000000087700000, 0x0000000087700000, 0x0000000087800000|  0%| F|  |TAMS 0x0000000087700000| PB 0x0000000087700000| Untracked |  0
|  48|0x0000000087800000, 0x0000000087800000, 0x0000000087900000|  0%| F|  |TAMS 0x0000000087800000| PB 0x0000000087800000| Untracked |  0
|  49|0x0000000087900000, 0x0000000087900000, 0x0000000087a00000|  0%| F|  |TAMS 0x0000000087900000| PB 0x0000000087900000| Untracked |  0
|  50|0x0000000087a00000, 0x0000000087a00000, 0x0000000087b00000|  0%| F|  |TAMS 0x0000000087a00000| PB 0x0000000087a00000| Untracked |  0
|  51|0x0000000087b00000, 0x0000000087b00000, 0x0000000087c00000|  0%| F|  |TAMS 0x0000000087b00000| PB 0x0000000087b00000| Untracked |  0
|  52|0x0000000087c00000, 0x0000000087c00000, 0x0000000087d00000|  0%| F|  |TAMS 0x0000000087c00000| PB 0x0000000087c00000| Untracked |  0
|  53|0x0000000087d00000, 0x0000000087d00000, 0x0000000087e00000|  0%| F|  |TAMS 0x0000000087d00000| PB 0x0000000087d00000| Untracked |  0
|  54|0x0000000087e00000, 0x0000000087e00000, 0x0000000087f00000|  0%| F|  |TAMS 0x0000000087e00000| PB 0x0000000087e00000| Untracked |  0
|  55|0x0000000087f00000, 0x0000000087f00000, 0x0000000088000000|  0%| F|  |TAMS 0x0000000087f00000| PB 0x0000000087f00000| Untracked |  0
|  56|0x0000000088000000, 0x0000000088000000, 0x0000000088100000|  0%| F|  |TAMS 0x0000000088000000| PB 0x0000000088000000| Untracked |  0
|  57|0x0000000088100000, 0x0000000088100000, 0x0000000088200000|  0%| F|  |TAMS 0x0000000088100000| PB 0x0000000088100000| Untracked |  0
|  58|0x0000000088200000, 0x0000000088200000, 0x0000000088300000|  0%| F|  |TAMS 0x0000000088200000| PB 0x0000000088200000| Untracked |  0
|  59|0x0000000088300000, 0x0000000088300000, 0x0000000088400000|  0%| F|  |TAMS 0x0000000088300000| PB 0x0000000088300000| Untracked |  0
|  60|0x0000000088400000, 0x0000000088400000, 0x0000000088500000|  0%| F|  |TAMS 0x0000000088400000| PB 0x0000000088400000| Untracked |  0
|  61|0x0000000088500000, 0x0000000088500000, 0x0000000088600000|  0%| F|  |TAMS 0x0000000088500000| PB 0x0000000088500000| Untracked |  0
|  62|0x0000000088600000, 0x0000000088600000, 0x0000000088700000|  0%| F|  |TAMS 0x0000000088600000| PB 0x0000000088600000| Untracked |  0
|  63|0x0000000088700000, 0x0000000088700000, 0x0000000088800000|  0%| F|  |TAMS 0x0000000088700000| PB 0x0000000088700000| Untracked |  0
|  64|0x0000000088800000, 0x0000000088800000, 0x0000000088900000|  0%| F|  |TAMS 0x0000000088800000| PB 0x0000000088800000| Untracked |  0
|  65|0x0000000088900000, 0x0000000088900000, 0x0000000088a00000|  0%| F|  |TAMS 0x0000000088900000| PB 0x0000000088900000| Untracked |  0
|  66|0x0000000088a00000, 0x0000000088a00000, 0x0000000088b00000|  0%| F|  |TAMS 0x0000000088a00000| PB 0x0000000088a00000| Untracked |  0
|  67|0x0000000088b00000, 0x0000000088b00000, 0x0000000088c00000|  0%| F|  |TAMS 0x0000000088b00000| PB 0x0000000088b00000| Untracked |  0
|  68|0x0000000088c00000, 0x0000000088c00000, 0x0000000088d00000|  0%| F|  |TAMS 0x0000000088c00000| PB 0x0000000088c00000| Untracked |  0
|  69|0x0000000088d00000, 0x0000000088d00000, 0x0000000088e00000|  0%| F|  |TAMS 0x0000000088d00000| PB 0x0000000088d00000| Untracked |  0
|  70|0x0000000088e00000, 0x0000000088e00000, 0x0000000088f00000|  0%| F|  |TAMS 0x0000000088e00000| PB 0x0000000088e00000| Untracked |  0
|  71|0x0000000088f00000, 0x0000000088f00000, 0x0000000089000000|  0%| F|  |TAMS 0x0000000088f00000| PB 0x0000000088f00000| Untracked |  0
|  72|0x0000000089000000, 0x0000000089000000, 0x0000000089100000|  0%| F|  |TAMS 0x0000000089000000| PB 0x0000000089000000| Untracked |  0
|  73|0x0000000089100000, 0x0000000089100000, 0x0000000089200000|  0%| F|  |TAMS 0x0000000089100000| PB 0x0000000089100000| Untracked |  0
|  74|0x0000000089200000, 0x0000000089200000, 0x0000000089300000|  0%| F|  |TAMS 0x0000000089200000| PB 0x0000000089200000| Untracked |  0
|  75|0x0000000089300000, 0x0000000089300000, 0x0000000089400000|  0%| F|  |TAMS 0x0000000089300000| PB 0x0000000089300000| Untracked |  0
|  76|0x0000000089400000, 0x0000000089400000, 0x0000000089500000|  0%| F|  |TAMS 0x0000000089400000| PB 0x0000000089400000| Untracked |  0
|  77|0x0000000089500000, 0x0000000089500000, 0x0000000089600000|  0%| F|  |TAMS 0x0000000089500000| PB 0x0000000089500000| Untracked |  0
|  78|0x0000000089600000, 0x0000000089600000, 0x0000000089700000|  0%| F|  |TAMS 0x0000000089600000| PB 0x0000000089600000| Untracked |  0
|  79|0x0000000089700000, 0x0000000089700000, 0x0000000089800000|  0%| F|  |TAMS 0x0000000089700000| PB 0x0000000089700000| Untracked |  0
|  80|0x0000000089800000, 0x0000000089800000, 0x0000000089900000|  0%| F|  |TAMS 0x0000000089800000| PB 0x0000000089800000| Untracked |  0
|  81|0x0000000089900000, 0x0000000089900000, 0x0000000089a00000|  0%| F|  |TAMS 0x0000000089900000| PB 0x0000000089900000| Untracked |  0
|  82|0x0000000089a00000, 0x0000000089a00000, 0x0000000089b00000|  0%| F|  |TAMS 0x0000000089a00000| PB 0x0000000089a00000| Untracked |  0
|  83|0x0000000089b00000, 0x0000000089b00000, 0x0000000089c00000|  0%| F|  |TAMS 0x0000000089b00000| PB 0x0000000089b00000| Untracked |  0
|  84|0x0000000089c00000, 0x0000000089c00000, 0x0000000089d00000|  0%| F|  |TAMS 0x0000000089c00000| PB 0x0000000089c00000| Untracked |  0
|  85|0x0000000089d00000, 0x0000000089d00000, 0x0000000089e00000|  0%| F|  |TAMS 0x0000000089d00000| PB 0x0000000089d00000| Untracked |  0
|  86|0x0000000089e00000, 0x0000000089e23d88, 0x0000000089f00000| 14%| E|  |TAMS 0x0000000089e00000| PB 0x0000000089e00000| Complete |  0
|  87|0x0000000089f00000, 0x000000008a000000, 0x000000008a000000|100%| E|CS|TAMS 0x0000000089f00000| PB 0x0000000089f00000| Complete |  0
|  88|0x000000008a000000, 0x000000008a100000, 0x000000008a100000|100%| E|CS|TAMS 0x000000008a000000| PB 0x000000008a000000| Complete |  0
|  89|0x000000008a100000, 0x000000008a200000, 0x000000008a200000|100%| E|CS|TAMS 0x000000008a100000| PB 0x000000008a100000| Complete |  0
|  90|0x000000008a200000, 0x000000008a300000, 0x000000008a300000|100%| E|CS|TAMS 0x000000008a200000| PB 0x000000008a200000| Complete |  0
|  91|0x000000008a300000, 0x000000008a400000, 0x000000008a400000|100%| E|CS|TAMS 0x000000008a300000| PB 0x000000008a300000| Complete |  0
|  92|0x000000008a400000, 0x000000008a500000, 0x000000008a500000|100%| E|CS|TAMS 0x000000008a400000| PB 0x000000008a400000| Complete |  0
|  93|0x000000008a500000, 0x000000008a600000, 0x000000008a600000|100%| E|CS|TAMS 0x000000008a500000| PB 0x000000008a500000| Complete |  0
|  94|0x000000008a600000, 0x000000008a700000, 0x000000008a700000|100%| E|CS|TAMS 0x000000008a600000| PB 0x000000008a600000| Complete |  0
|  95|0x000000008a700000, 0x000000008a800000, 0x000000008a800000|100%| E|CS|TAMS 0x000000008a700000| PB 0x000000008a700000| Complete |  0
|  96|0x000000008a800000, 0x000000008a900000, 0x000000008a900000|100%| E|CS|TAMS 0x000000008a800000| PB 0x000000008a800000| Complete |  0
|  97|0x000000008a900000, 0x000000008a9a0000, 0x000000008aa00000| 62%| S|CS|TAMS 0x000000008a900000| PB 0x000000008a900000| Complete |  0
|  98|0x000000008aa00000, 0x000000008ab00000, 0x000000008ab00000|100%| S|CS|TAMS 0x000000008aa00000| PB 0x000000008aa00000| Complete |  0
|  99|0x000000008ab00000, 0x000000008ac00000, 0x000000008ac00000|100%| S|CS|TAMS 0x000000008ab00000| PB 0x000000008ab00000| Complete |  0
| 100|0x000000008ac00000, 0x000000008ad00000, 0x000000008ad00000|100%| E|CS|TAMS 0x000000008ac00000| PB 0x000000008ac00000| Complete |  0
| 101|0x000000008ad00000, 0x000000008ae00000, 0x000000008ae00000|100%| E|CS|TAMS 0x000000008ad00000| PB 0x000000008ad00000| Complete |  0
| 102|0x000000008ae00000, 0x000000008af00000, 0x000000008af00000|100%| E|CS|TAMS 0x000000008ae00000| PB 0x000000008ae00000| Complete |  0
| 103|0x000000008af00000, 0x000000008b000000, 0x000000008b000000|100%| E|CS|TAMS 0x000000008af00000| PB 0x000000008af00000| Complete |  0
| 104|0x000000008b000000, 0x000000008b100000, 0x000000008b100000|100%| E|CS|TAMS 0x000000008b000000| PB 0x000000008b000000| Complete |  0
| 105|0x000000008b100000, 0x000000008b200000, 0x000000008b200000|100%| E|CS|TAMS 0x000000008b100000| PB 0x000000008b100000| Complete |  0
| 106|0x000000008b200000, 0x000000008b300000, 0x000000008b300000|100%| E|CS|TAMS 0x000000008b200000| PB 0x000000008b200000| Complete |  0
| 107|0x000000008b300000, 0x000000008b400000, 0x000000008b400000|100%| E|CS|TAMS 0x000000008b300000| PB 0x000000008b300000| Complete |  0
| 108|0x000000008b400000, 0x000000008b500000, 0x000000008b500000|100%| E|CS|TAMS 0x000000008b400000| PB 0x000000008b400000| Complete |  0
| 109|0x000000008b500000, 0x000000008b600000, 0x000000008b600000|100%| E|CS|TAMS 0x000000008b500000| PB 0x000000008b500000| Complete |  0
| 110|0x000000008b600000, 0x000000008b700000, 0x000000008b700000|100%| E|CS|TAMS 0x000000008b600000| PB 0x000000008b600000| Complete |  0
| 111|0x000000008b700000, 0x000000008b800000, 0x000000008b800000|100%| E|CS|TAMS 0x000000008b700000| PB 0x000000008b700000| Complete |  0
| 112|0x000000008b800000, 0x000000008b900000, 0x000000008b900000|100%| E|CS|TAMS 0x000000008b800000| PB 0x000000008b800000| Complete |  0
| 113|0x000000008b900000, 0x000000008ba00000, 0x000000008ba00000|100%| E|CS|TAMS 0x000000008b900000| PB 0x000000008b900000| Complete |  0
| 114|0x000000008ba00000, 0x000000008bb00000, 0x000000008bb00000|100%| E|CS|TAMS 0x000000008ba00000| PB 0x000000008ba00000| Complete |  0
| 115|0x000000008bb00000, 0x000000008bc00000, 0x000000008bc00000|100%| E|CS|TAMS 0x000000008bb00000| PB 0x000000008bb00000| Complete |  0
| 116|0x000000008bc00000, 0x000000008bd00000, 0x000000008bd00000|100%| E|CS|TAMS 0x000000008bc00000| PB 0x000000008bc00000| Complete |  0
| 117|0x000000008bd00000, 0x000000008be00000, 0x000000008be00000|100%| E|CS|TAMS 0x000000008bd00000| PB 0x000000008bd00000| Complete |  0
| 118|0x000000008be00000, 0x000000008bf00000, 0x000000008bf00000|100%| E|CS|TAMS 0x000000008be00000| PB 0x000000008be00000| Complete |  0
| 119|0x000000008bf00000, 0x000000008c000000, 0x000000008c000000|100%| E|CS|TAMS 0x000000008bf00000| PB 0x000000008bf00000| Complete |  0
| 120|0x000000008c000000, 0x000000008c100000, 0x000000008c100000|100%| E|CS|TAMS 0x000000008c000000| PB 0x000000008c000000| Complete |  0
| 121|0x000000008c100000, 0x000000008c200000, 0x000000008c200000|100%| E|CS|TAMS 0x000000008c100000| PB 0x000000008c100000| Complete |  0
| 122|0x000000008c200000, 0x000000008c300000, 0x000000008c300000|100%| E|CS|TAMS 0x000000008c200000| PB 0x000000008c200000| Complete |  0
| 123|0x000000008c300000, 0x000000008c400000, 0x000000008c400000|100%| E|  |TAMS 0x000000008c300000| PB 0x000000008c300000| Complete |  0

Card table byte_map: [0x0000019cf5e60000,0x0000019cf6240000] _byte_map_base: 0x0000019cf5a3c000

Marking Bits: (CMBitMap*) 0x0000019ced454e50
 Bits: [0x0000019cf6240000, 0x0000019cf8120000)

Polling page: 0x0000019ceb2b0000

Metaspace:

Usage:
  Non-class:      5.96 MB used.
      Class:    727.52 KB used.
       Both:      6.67 MB used.

Virtual space:
  Non-class space:       64.00 MB reserved,       6.06 MB (  9%) committed,  1 nodes.
      Class space:        1.00 GB reserved,     832.00 KB ( <1%) committed,  1 nodes.
             Both:        1.06 GB reserved,       6.88 MB ( <1%) committed. 

Chunk freelists:
   Non-Class:  9.00 MB
       Class:  15.23 MB
        Both:  24.23 MB

MaxMetaspaceSize: unlimited
CompressedClassSpaceSize: 1.00 GB
Initial GC threshold: 21.00 MB
Current GC threshold: 21.00 MB
CDS: on
 - commit_granule_bytes: 65536.
 - commit_granule_words: 8192.
 - virtual_space_node_default_size: 8388608.
 - enlarge_chunks_in_place: 1.
 - use_allocation_guard: 0.


Internal statistics:

num_allocs_failed_limit: 0.
num_arena_births: 152.
num_arena_deaths: 0.
num_vsnodes_births: 2.
num_vsnodes_deaths: 0.
num_space_committed: 110.
num_space_uncommitted: 0.
num_chunks_returned_to_freelist: 0.
num_chunks_taken_from_freelist: 191.
num_chunk_merges: 0.
num_chunk_splits: 111.
num_chunks_enlarged: 42.
num_inconsistent_stats: 0.

CodeHeap 'non-profiled nmethods': size=120000Kb used=307Kb max_used=307Kb free=119692Kb
 bounds [0x0000019c87ad0000, 0x0000019c87d40000, 0x0000019c8f000000]
CodeHeap 'profiled nmethods': size=120000Kb used=1485Kb max_used=1485Kb free=118514Kb
 bounds [0x0000019c80000000, 0x0000019c80270000, 0x0000019c87530000]
CodeHeap 'non-nmethods': size=5760Kb used=1534Kb max_used=1549Kb free=4225Kb
 bounds [0x0000019c87530000, 0x0000019c877a0000, 0x0000019c87ad0000]
 total_blobs=1589 nmethods=986 adapters=508
 compilation: enabled
              stopped_count=0, restarted_count=0
 full_count=0

Compilation events (20 events):
Event: 10.028 Thread 0x0000019cfab6a7d0  977       1       java.awt.event.InvocationEvent::getWhen (5 bytes)
Event: 10.028 Thread 0x0000019cfab6a7d0 nmethod 977 0x0000019c87b1c490 code [0x0000019c87b1c620, 0x0000019c87b1c6e8]
Event: 10.033 Thread 0x0000019cfab6a7d0  978       3       java.awt.event.InputEvent::getModifiers (8 bytes)
Event: 10.033 Thread 0x0000019cfab6a7d0 nmethod 978 0x0000019c8016f290 code [0x0000019c8016f420, 0x0000019c8016f530]
Event: 10.761 Thread 0x0000019cfab6a7d0  979       1       java.beans.PropertyChangeEvent::getNewValue (5 bytes)
Event: 10.762 Thread 0x0000019cfab6a7d0 nmethod 979 0x0000019c87b1c790 code [0x0000019c87b1c920, 0x0000019c87b1c9e8]
Event: 10.780 Thread 0x0000019cfab6a7d0  980       1       java.beans.PropertyChangeEvent::getOldValue (5 bytes)
Event: 10.780 Thread 0x0000019cfab6a7d0 nmethod 980 0x0000019c87b1ca90 code [0x0000019c87b1cc20, 0x0000019c87b1cce8]
Event: 12.316 Thread 0x0000019cfab6a7d0  981       3       jdk.internal.org.objectweb.asm.ClassWriter::visitMethod (57 bytes)
Event: 12.316 Thread 0x0000019cfab6a7d0 nmethod 981 0x0000019c8016f590 code [0x0000019c8016f740, 0x0000019c8016faa0]
Event: 12.316 Thread 0x0000019cfab6a7d0  982       3       jdk.internal.org.objectweb.asm.MethodWriter::<init> (232 bytes)
Event: 12.318 Thread 0x0000019cfab6a7d0 nmethod 982 0x0000019c8016fc10 code [0x0000019c8016fea0, 0x0000019c80170be0]
Event: 12.318 Thread 0x0000019cfab6a7d0  983       3       jdk.internal.org.objectweb.asm.MethodVisitor::<init> (7 bytes)
Event: 12.318 Thread 0x0000019cfab6a7d0 nmethod 983 0x0000019c80171090 code [0x0000019c80171240, 0x0000019c80171388]
Event: 12.318 Thread 0x0000019cfab6a7d0  984       3       jdk.internal.org.objectweb.asm.MethodWriter::visitMaxs (60 bytes)
Event: 12.318 Thread 0x0000019cfab6a7d0 nmethod 984 0x0000019c80171410 code [0x0000019c801715e0, 0x0000019c80171898]
Event: 12.318 Thread 0x0000019cfab6a7d0  985       3       jdk.internal.org.objectweb.asm.MethodWriter::visitEnd (1 bytes)
Event: 12.318 Thread 0x0000019cfab6a7d0 nmethod 985 0x0000019c80171990 code [0x0000019c80171b20, 0x0000019c80171c28]
Event: 12.318 Thread 0x0000019cfab6a7d0  986       3       jdk.internal.org.objectweb.asm.MethodWriter::computeMethodInfoSize (571 bytes)
Event: 12.319 Thread 0x0000019cfab69d20  987       4       java.util.Arrays::binarySearch0 (95 bytes)

GC Heap History (2 events):
Event: 0.448 GC heap before
{Heap before GC invocations=0 (full 0):
 garbage-first heap   total reserved 2023424K, committed 126976K, used 56320K [0x0000000084800000, 0x0000000100000000)
  region size 1024K, 24 young (24576K), 0 survivors (0K)
 Metaspace       used 4724K, committed 4928K, reserved 1114112K
  class space    used 493K, committed 640K, reserved 1048576K
}
Event: 0.453 GC heap after
{Heap after GC invocations=1 (full 0):
 garbage-first heap   total reserved 2023424K, committed 126976K, used 35456K [0x0000000084800000, 0x0000000100000000)
  region size 1024K, 3 young (3072K), 3 survivors (3072K)
 Metaspace       used 4724K, committed 4928K, reserved 1114112K
  class space    used 493K, committed 640K, reserved 1048576K
}

Dll operation events (10 events):
Event: 0.010 Loaded shared library C:\Program Files\Java\jdk-22\bin\java.dll
Event: 0.039 Loaded shared library C:\Program Files\Java\jdk-22\bin\jsvml.dll
Event: 0.066 Loaded shared library C:\Program Files\Java\jdk-22\bin\net.dll
Event: 0.067 Loaded shared library C:\Program Files\Java\jdk-22\bin\nio.dll
Event: 0.092 Loaded shared library C:\Program Files\Java\jdk-22\bin\jimage.dll
Event: 0.104 Loaded shared library C:\Program Files\Java\jdk-22\bin\awt.dll
Event: 0.243 Loaded shared library C:\Program Files\Java\jdk-22\bin\zip.dll
Event: 0.278 Loaded shared library C:\Program Files\Java\jdk-22\bin\javajpeg.dll
Event: 0.762 Loaded shared library C:\Program Files\Java\jdk-22\bin\freetype.dll
Event: 0.762 Loaded shared library C:\Program Files\Java\jdk-22\bin\fontmanager.dll

Deoptimization events (20 events):
Event: 0.576 Thread 0x0000019cd4483a20 DEOPT PACKING pc=0x0000019c8011b958 sp=0x000000587e7fe4f0
Event: 0.576 Thread 0x0000019cd4483a20 DEOPT UNPACKING pc=0x0000019c87584e42 sp=0x000000587e7fd980 mode 0
Event: 0.578 Thread 0x0000019cd4483a20 DEOPT PACKING pc=0x0000019c8011b958 sp=0x000000587e7fe4f0
Event: 0.578 Thread 0x0000019cd4483a20 DEOPT UNPACKING pc=0x0000019c87584e42 sp=0x000000587e7fd980 mode 0
Event: 0.580 Thread 0x0000019cd4483a20 DEOPT PACKING pc=0x0000019c8011b958 sp=0x000000587e7fe4f0
Event: 0.580 Thread 0x0000019cd4483a20 DEOPT UNPACKING pc=0x0000019c87584e42 sp=0x000000587e7fd980 mode 0
Event: 0.582 Thread 0x0000019cd4483a20 DEOPT PACKING pc=0x0000019c8011b958 sp=0x000000587e7fe4f0
Event: 0.582 Thread 0x0000019cd4483a20 DEOPT UNPACKING pc=0x0000019c87584e42 sp=0x000000587e7fd980 mode 0
Event: 0.743 Thread 0x0000019cd442f110 Uncommon trap: trap_request=0xffffff45 fr.pc=0x0000019c87b09148 relative=0x0000000000000208
Event: 0.743 Thread 0x0000019cd442f110 Uncommon trap: reason=unstable_if action=reinterpret pc=0x0000019c87b09148 method=java.util.concurrent.locks.ReentrantLock$NonfairSync.initialTryLock()Z @ 25 c2
Event: 0.743 Thread 0x0000019cd442f110 DEOPT PACKING pc=0x0000019c87b09148 sp=0x000000587e6fd6c0
Event: 0.743 Thread 0x0000019cd442f110 DEOPT UNPACKING pc=0x0000019c875846a2 sp=0x000000587e6fd5a8 mode 2
Event: 0.744 Thread 0x0000019cd442f110 Uncommon trap: trap_request=0xffffff45 fr.pc=0x0000019c87b08ae0 relative=0x0000000000000120
Event: 0.744 Thread 0x0000019cd442f110 Uncommon trap: reason=unstable_if action=reinterpret pc=0x0000019c87b08ae0 method=java.util.concurrent.locks.ReentrantLock$Sync.tryRelease(I)Z @ 26 c2
Event: 0.744 Thread 0x0000019cd442f110 DEOPT PACKING pc=0x0000019c87b08ae0 sp=0x000000587e6fd6c0
Event: 0.744 Thread 0x0000019cd442f110 DEOPT UNPACKING pc=0x0000019c875846a2 sp=0x000000587e6fd5a0 mode 2
Event: 0.769 Thread 0x0000019ceb300140 Uncommon trap: trap_request=0xffffff45 fr.pc=0x0000019c87b00f34 relative=0x0000000000000214
Event: 0.769 Thread 0x0000019ceb300140 Uncommon trap: reason=unstable_if action=reinterpret pc=0x0000019c87b00f34 method=java.lang.StringUTF16.compress([CI[BII)I @ 20 c2
Event: 0.769 Thread 0x0000019ceb300140 DEOPT PACKING pc=0x0000019c87b00f34 sp=0x000000587d1fdd10
Event: 0.769 Thread 0x0000019ceb300140 DEOPT UNPACKING pc=0x0000019c875846a2 sp=0x000000587d1fdc80 mode 2

Classes loaded (20 events):
Event: 0.885 Loading class java/awt/event/InputMethodListener done
Event: 0.885 Loading class sun/awt/im/CompositionAreaHandler done
Event: 0.885 Loading class java/text/AttributedString
Event: 0.885 Loading class java/text/AttributedString done
Event: 0.885 Loading class java/text/AttributedString$AttributedStringIterator
Event: 0.886 Loading class java/text/AttributedCharacterIterator
Event: 0.886 Loading class java/text/CharacterIterator
Event: 0.886 Loading class java/text/CharacterIterator done
Event: 0.886 Loading class java/text/AttributedCharacterIterator done
Event: 0.886 Loading class java/text/AttributedString$AttributedStringIterator done
Event: 10.761 Loading class java/awt/KeyboardFocusManager$2
Event: 10.762 Loading class java/awt/KeyboardFocusManager$2 done
Event: 10.762 Loading class sun/awt/SunToolkit$1
Event: 10.762 Loading class sun/awt/SunToolkit$1 done
Event: 12.317 Loading class java/util/WeakHashMap$KeyIterator
Event: 12.317 Loading class java/util/WeakHashMap$HashIterator
Event: 12.317 Loading class java/util/WeakHashMap$HashIterator done
Event: 12.317 Loading class java/util/WeakHashMap$KeyIterator done
Event: 12.318 Loading class javax/swing/RepaintManager$DisplayChangedRunnable
Event: 12.318 Loading class javax/swing/RepaintManager$DisplayChangedRunnable done

Classes unloaded (0 events):
No events

Classes redefined (0 events):
No events

Internal exceptions (15 events):
Event: 0.068 Thread 0x0000019ceb300140 Exception <a 'sun/nio/fs/WindowsException'{0x000000008c2bc318}> (0x000000008c2bc318) 
thrown [s\open\src\hotspot\share\prims\jni.cpp, line 520]
Event: 0.069 Thread 0x0000019ceb300140 Exception <a 'sun/nio/fs/WindowsException'{0x000000008c2beaf8}> (0x000000008c2beaf8) 
thrown [s\open\src\hotspot\share\prims\jni.cpp, line 520]
Event: 0.070 Thread 0x0000019ceb300140 Exception <a 'sun/nio/fs/WindowsException'{0x000000008c2bf720}> (0x000000008c2bf720) 
thrown [s\open\src\hotspot\share\prims\jni.cpp, line 520]
Event: 0.097 Thread 0x0000019ceb300140 Exception <a 'java/lang/ClassNotFoundException'{0x000000008c16a4d0}: sun/awt/resources/spi/awtProvider> (0x000000008c16a4d0) 
thrown [s\open\src\hotspot\share\classfile\systemDictionary.cpp, line 313]
Event: 0.114 Thread 0x0000019ceb300140 Exception <a 'java/io/FileNotFoundException'{0x000000008c1be338}> (0x000000008c1be338) 
thrown [s\open\src\hotspot\share\prims\jni.cpp, line 520]
Event: 0.119 Thread 0x0000019ceb300140 Exception <a 'java/io/FileNotFoundException'{0x000000008c1ec588}> (0x000000008c1ec588) 
thrown [s\open\src\hotspot\share\prims\jni.cpp, line 520]
Event: 0.189 Thread 0x0000019ceb300140 Exception <a 'java/lang/NoSuchMethodError'{0x000000008bf09ee8}: 'void java.lang.invoke.DirectMethodHandle$Holder.invokeSpecial(java.lang.Object, java.lang.Object, java.lang.Object)'> (0x000000008bf09ee8) 
thrown [s\open\src\hotspot\share\interpreter\linkResolver.cpp, line 774]
Event: 0.195 Thread 0x0000019ceb300140 Exception <a 'java/lang/NoSuchMethodError'{0x000000008bf302c8}: 'java.lang.Object java.lang.invoke.DirectMethodHandle$Holder.newInvokeSpecial(java.lang.Object, java.lang.Object, java.lang.Object, java.lang.Object, java.lang.Object)'> (0x000000008bf302c8) 
thrown [s\open\src\hotspot\share\interpreter\linkResolver.cpp, line 774]
Event: 0.199 Thread 0x0000019ceb300140 Exception <a 'java/lang/NoSuchMethodError'{0x000000008bf5cbe0}: 'java.lang.Object java.lang.invoke.DirectMethodHandle$Holder.invokeStatic(java.lang.Object, int, java.lang.Object)'> (0x000000008bf5cbe0) 
thrown [s\open\src\hotspot\share\interpreter\linkResolver.cpp, line 774]
Event: 0.216 Thread 0x0000019ceb300140 Exception <a 'java/lang/ClassNotFoundException'{0x000000008bffec50}: com/sun/swing/internal/plaf/metal/resources/spi/metalProvider> (0x000000008bffec50) 
thrown [s\open\src\hotspot\share\classfile\systemDictionary.cpp, line 313]
Event: 0.216 Thread 0x0000019ceb300140 Exception <a 'java/lang/ClassNotFoundException'{0x000000008be02e60}: com/sun/swing/internal/plaf/basic/resources/spi/basicProvider> (0x000000008be02e60) 
thrown [s\open\src\hotspot\share\classfile\systemDictionary.cpp, line 313]
Event: 0.224 Thread 0x0000019ceb300140 Exception <a 'java/lang/NoSuchMethodError'{0x000000008be22550}: 'int java.lang.invoke.Invokers$Holder.invokeExact_MT(java.lang.Object, java.lang.Object)'> (0x000000008be22550) 
thrown [s\open\src\hotspot\share\interpreter\linkResolver.cpp, line 774]
Event: 0.280 Thread 0x0000019cd4483a20 Exception <a 'java/lang/NoSuchMethodError'{0x000000008bc2b508}: 'java.lang.Object java.lang.invoke.DirectMethodHandle$Holder.newInvokeSpecial(java.lang.Object, java.lang.Object, java.lang.Object, int, int, int, int, int)'> (0x000000008bc2b508) 
thrown [s\open\src\hotspot\share\interpreter\linkResolver.cpp, line 774]
Event: 0.744 Thread 0x0000019cd442f110 Exception <a 'java/lang/NoSuchMethodError'{0x000000008a0e2978}: 'void java.lang.invoke.DirectMethodHandle$Holder.invokeVirtual(java.lang.Object, java.lang.Object)'> (0x000000008a0e2978) 
thrown [s\open\src\hotspot\share\interpreter\linkResolver.cpp, line 774]
Event: 0.756 Thread 0x0000019ceb300140 Exception <a 'java/lang/NoSuchMethodError'{0x0000000089f43b50}: 'void java.lang.invoke.DirectMethodHandle$Holder.invokeStaticInit(java.lang.Object)'> (0x0000000089f43b50) 
thrown [s\open\src\hotspot\share\interpreter\linkResolver.cpp, line 774]

ZGC Phase Switch (0 events):
No events

VM Operations (20 events):
Event: 0.070 Executing VM operation: HandshakeAllThreads (Deoptimize)
Event: 0.070 Executing VM operation: HandshakeAllThreads (Deoptimize) done
Event: 0.126 Executing VM operation: HandshakeAllThreads (Deoptimize)
Event: 0.126 Executing VM operation: HandshakeAllThreads (Deoptimize) done
Event: 0.265 Executing VM operation: HandshakeAllThreads (Deoptimize)
Event: 0.265 Executing VM operation: HandshakeAllThreads (Deoptimize) done
Event: 0.448 Executing VM operation: G1CollectForAllocation (G1 Evacuation Pause)
Event: 0.453 Executing VM operation: G1CollectForAllocation (G1 Evacuation Pause) done
Event: 0.525 Executing VM operation: HandshakeAllThreads (Deoptimize)
Event: 0.525 Executing VM operation: HandshakeAllThreads (Deoptimize) done
Event: 0.748 Executing VM operation: HandshakeAllThreads (Deoptimize)
Event: 0.748 Executing VM operation: HandshakeAllThreads (Deoptimize) done
Event: 0.839 Executing VM operation: HandshakeAllThreads (Deoptimize)
Event: 0.840 Executing VM operation: HandshakeAllThreads (Deoptimize) done
Event: 1.843 Executing VM operation: Cleanup
Event: 1.843 Executing VM operation: Cleanup done
Event: 9.905 Executing VM operation: Cleanup
Event: 9.905 Executing VM operation: Cleanup done
Event: 10.915 Executing VM operation: Cleanup
Event: 10.915 Executing VM operation: Cleanup done

Events (20 events):
Event: 0.037 Thread 0x0000019cfab59990 Thread added: 0x0000019cfab59990
Event: 0.037 Thread 0x0000019cfab5c570 Thread added: 0x0000019cfab5c570
Event: 0.037 Thread 0x0000019cfab5d330 Thread added: 0x0000019cfab5d330
Event: 0.037 Thread 0x0000019cfab5e1b0 Thread added: 0x0000019cfab5e1b0
Event: 0.037 Thread 0x0000019cfab60230 Thread added: 0x0000019cfab60230
Event: 0.037 Thread 0x0000019cfab60c90 Thread added: 0x0000019cfab60c90
Event: 0.037 Thread 0x0000019cfab69d20 Thread added: 0x0000019cfab69d20
Event: 0.038 Thread 0x0000019cfab6a7d0 Thread added: 0x0000019cfab6a7d0
Event: 0.056 Thread 0x0000019cfab280c0 Thread added: 0x0000019cfab280c0
Event: 0.078 Thread 0x0000019cd434c2a0 Thread added: 0x0000019cd434c2a0
Event: 0.080 Thread 0x0000019cd4341ad0 Thread added: 0x0000019cd4341ad0
Event: 0.157 Thread 0x0000019cd4425850 Thread added: 0x0000019cd4425850
Event: 0.158 Thread 0x0000019cd442b1a0 Thread added: 0x0000019cd442b1a0
Event: 0.159 Thread 0x0000019cd442f110 Thread added: 0x0000019cd442f110
Event: 0.229 Thread 0x0000019cd4483a20 Thread added: 0x0000019cd4483a20
Event: 0.619 Thread 0x0000019cd434c2a0 Thread exited: 0x0000019cd434c2a0
Event: 0.743 Thread 0x0000019cd44c0ff0 Thread added: 0x0000019cd44c0ff0
Event: 0.822 Thread 0x0000019ceb300140 Thread exited: 0x0000019ceb300140
Event: 0.822 Thread 0x0000019ceb300140 Thread added: 0x0000019ceb300140
Event: 5.751 Thread 0x0000019cd4483a20 Thread exited: 0x0000019cd4483a20


Dynamic libraries:
0x00007ff7818d0000 - 0x00007ff7818e0000 	C:\Program Files\Java\jdk-22\bin\java.exe
0x00007ffda6410000 - 0x00007ffda6608000 	C:\Windows\SYSTEM32\ntdll.dll
0x00007ffda58d0000 - 0x00007ffda5992000 	C:\Windows\System32\KERNEL32.DLL
0x00007ffda3e10000 - 0x00007ffda410e000 	C:\Windows\System32\KERNELBASE.dll
0x00007ffda3ce0000 - 0x00007ffda3de0000 	C:\Windows\System32\ucrtbase.dll
0x00007ffd9f670000 - 0x00007ffd9f68b000 	C:\Program Files\Java\jdk-22\bin\VCRUNTIME140.dll
0x00007ffd9f010000 - 0x00007ffd9f027000 	C:\Program Files\Java\jdk-22\bin\jli.dll
0x00007ffda49e0000 - 0x00007ffda4a91000 	C:\Windows\System32\ADVAPI32.dll
0x00007ffda4c10000 - 0x00007ffda4cae000 	C:\Windows\System32\msvcrt.dll
0x00007ffda5ad0000 - 0x00007ffda5b6f000 	C:\Windows\System32\sechost.dll
0x00007ffda60f0000 - 0x00007ffda6213000 	C:\Windows\System32\RPCRT4.dll
0x00007ffda3de0000 - 0x00007ffda3e07000 	C:\Windows\System32\bcrypt.dll
0x00007ffda44e0000 - 0x00007ffda467d000 	C:\Windows\System32\USER32.dll
0x00007ffda3b50000 - 0x00007ffda3b72000 	C:\Windows\System32\win32u.dll
0x00007ffd86af0000 - 0x00007ffd86d8a000 	C:\Windows\WinSxS\amd64_microsoft.windows.common-controls_6595b64144ccf1df_6.0.19041.4355_none_60b8b9eb71f62e16\COMCTL32.dll
0x00007ffda4b80000 - 0x00007ffda4bab000 	C:\Windows\System32\GDI32.dll
0x00007ffda4110000 - 0x00007ffda4227000 	C:\Windows\System32\gdi32full.dll
0x00007ffda3ab0000 - 0x00007ffda3b4d000 	C:\Windows\System32\msvcp_win.dll
0x00007ffd9ea10000 - 0x00007ffd9ea1a000 	C:\Windows\SYSTEM32\VERSION.dll
0x00007ffda5710000 - 0x00007ffda573f000 	C:\Windows\System32\IMM32.DLL
0x00007ffd9f5a0000 - 0x00007ffd9f5ac000 	C:\Program Files\Java\jdk-22\bin\vcruntime140_1.dll
0x00007ffd83470000 - 0x00007ffd834fe000 	C:\Program Files\Java\jdk-22\bin\msvcp140.dll
0x00007ffd41600000 - 0x00007ffd42347000 	C:\Program Files\Java\jdk-22\bin\server\jvm.dll
0x00007ffda5420000 - 0x00007ffda548b000 	C:\Windows\System32\WS2_32.dll
0x00007ffda3910000 - 0x00007ffda395b000 	C:\Windows\SYSTEM32\POWRPROF.dll
0x00007ffd8c1c0000 - 0x00007ffd8c1e7000 	C:\Windows\SYSTEM32\WINMM.dll
0x00007ffda38f0000 - 0x00007ffda3902000 	C:\Windows\SYSTEM32\UMPDC.dll
0x00007ffda22d0000 - 0x00007ffda22e2000 	C:\Windows\SYSTEM32\kernel.appcore.dll
0x00007ffd9f510000 - 0x00007ffd9f51a000 	C:\Program Files\Java\jdk-22\bin\jimage.dll
0x00007ffda1670000 - 0x00007ffda1854000 	C:\Windows\SYSTEM32\DBGHELP.DLL
0x00007ffd81a40000 - 0x00007ffd81a74000 	C:\Windows\SYSTEM32\dbgcore.DLL
0x00007ffda4230000 - 0x00007ffda42b2000 	C:\Windows\System32\bcryptPrimitives.dll
0x00007ffd9f520000 - 0x00007ffd9f53e000 	C:\Program Files\Java\jdk-22\bin\java.dll
0x00007ffda4cb0000 - 0x00007ffda541d000 	C:\Windows\System32\SHELL32.dll
0x00007ffda5740000 - 0x00007ffda586b000 	C:\Windows\System32\ole32.dll
0x00007ffda4680000 - 0x00007ffda49d3000 	C:\Windows\System32\combase.dll
0x00007ffda1b10000 - 0x00007ffda22b4000 	C:\Windows\SYSTEM32\windows.storage.dll
0x00007ffda3410000 - 0x00007ffda343e000 	C:\Windows\SYSTEM32\Wldp.dll
0x00007ffda59a0000 - 0x00007ffda5a6d000 	C:\Windows\System32\OLEAUT32.dll
0x00007ffda6040000 - 0x00007ffda60ed000 	C:\Windows\System32\SHCORE.dll
0x00007ffda5fe0000 - 0x00007ffda6035000 	C:\Windows\System32\shlwapi.dll
0x00007ffda39e0000 - 0x00007ffda3a04000 	C:\Windows\SYSTEM32\profapi.dll
0x00007ffd7b9d0000 - 0x00007ffd7baa7000 	C:\Program Files\Java\jdk-22\bin\jsvml.dll
0x00007ffd9f3c0000 - 0x00007ffd9f3d0000 	C:\Program Files\Java\jdk-22\bin\net.dll
0x00007ffda3170000 - 0x00007ffda31da000 	C:\Windows\system32\mswsock.dll
0x00007ffd9c280000 - 0x00007ffd9c296000 	C:\Program Files\Java\jdk-22\bin\nio.dll
0x00007ffd6c9c0000 - 0x00007ffd6cb4e000 	C:\Program Files\Java\jdk-22\bin\awt.dll
0x00007ffd9eca0000 - 0x00007ffd9ed34000 	C:\Windows\SYSTEM32\apphelp.dll
0x00007ffda10d0000 - 0x00007ffda10ff000 	C:\Windows\system32\DWMAPI.DLL
0x00007ffda0ee0000 - 0x00007ffda0f7e000 	C:\Windows\system32\uxtheme.dll
0x00007ffd84000000 - 0x00007ffd84128000 	C:\Windows\system32\opengl32.dll
0x00007ffd90b80000 - 0x00007ffd90bac000 	C:\Windows\SYSTEM32\GLU32.dll
0x00007ffda54a0000 - 0x00007ffda55b5000 	C:\Windows\System32\MSCTF.dll
0x00007ffd8c2f0000 - 0x00007ffd8c307000 	C:\Program Files\Java\jdk-22\bin\zip.dll
0x00007ffd792f0000 - 0x00007ffd7931e000 	C:\Program Files\Java\jdk-22\bin\javajpeg.dll
0x00007ffd79320000 - 0x00007ffd793a7000 	C:\Program Files\Java\jdk-22\bin\freetype.dll
0x00007ffd6c260000 - 0x00007ffd6c337000 	C:\Program Files\Java\jdk-22\bin\fontmanager.dll
0x00007ffd82bf0000 - 0x00007ffd82ce9000 	C:\Windows\SYSTEM32\textinputframework.dll
0x00007ffd9e770000 - 0x00007ffd9e862000 	C:\Windows\System32\CoreMessaging.dll
0x00007ffd9e410000 - 0x00007ffd9e76b000 	C:\Windows\System32\CoreUIComponents.dll
0x00007ffda2ce0000 - 0x00007ffda2d13000 	C:\Windows\SYSTEM32\ntmarta.dll
0x00007ffd9fee0000 - 0x00007ffda0037000 	C:\Windows\SYSTEM32\wintypes.dll

dbghelp: loaded successfully - version: 4.0.5 - missing functions: none
symbol engine: initialized successfully - sym options: 0x614 - pdb path: .;C:\Program Files\Java\jdk-22\bin;C:\Windows\SYSTEM32;C:\Windows\WinSxS\amd64_microsoft.windows.common-controls_6595b64144ccf1df_6.0.19041.4355_none_60b8b9eb71f62e16;C:\Program Files\Java\jdk-22\bin\server

VM Arguments:
jvm_args: -Dfile.encoding=UTF-8 --module-path=C:\Users\DUBAI LAPTOP BAZAR\Documents\NetBeansProjects\University Management System\build\classes 
java_command: university.management.system.Project
java_class_path (initial): C:\Users\DUBAI LAPTOP BAZAR\Documents\NetBeansProjects\University Management System\build\classes
Launcher Type: SUN_STANDARD

[Global flags]
     intx CICompilerCount                          = 4                                         {product} {ergonomic}
     uint ConcGCThreads                            = 2                                         {product} {ergonomic}
     uint G1ConcRefinementThreads                  = 8                                         {product} {ergonomic}
   size_t G1HeapRegionSize                         = 1048576                                   {product} {ergonomic}
   size_t InitialHeapSize                          = 130023424                                 {product} {ergonomic}
   size_t MarkStackSize                            = 4194304                                   {product} {ergonomic}
   size_t MaxHeapSize                              = 2071986176                                {product} {ergonomic}
   size_t MaxNewSize                               = 1242562560                                {product} {ergonomic}
   size_t MinHeapDeltaBytes                        = 1048576                                   {product} {ergonomic}
   size_t MinHeapSize                              = 8388608                                   {product} {ergonomic}
    uintx NonNMethodCodeHeapSize                   = 5839372                                {pd product} {ergonomic}
    uintx NonProfiledCodeHeapSize                  = 122909434                              {pd product} {ergonomic}
    uintx ProfiledCodeHeapSize                     = 122909434                              {pd product} {ergonomic}
    uintx ReservedCodeCacheSize                    = 251658240                              {pd product} {ergonomic}
     bool SegmentedCodeCache                       = true                                      {product} {ergonomic}
   size_t SoftMaxHeapSize                          = 2071986176                             {manageable} {ergonomic}
     bool UseCompressedOops                        = true                           {product lp64_product} {ergonomic}
     bool UseG1GC                                  = true                                      {product} {ergonomic}
     bool UseLargePagesIndividualAllocation        = false                                  {pd product} {ergonomic}

Logging:
Log output configuration:
 #0: stdout all=warning uptime,level,tags foldmultilines=false
 #1: stderr all=off uptime,level,tags foldmultilines=false

Environment Variables:
PATH=C:\Program Files\Common Files\Oracle\Java\javapath;C:\Windows\system32;C:\Windows;C:\Windows\System32\Wbem;C:\Windows\System32\WindowsPowerShell\v1.0\;C:\Windows\System32\OpenSSH\;C:\Program Files\MySQL\MySQL Server 8.0\bin;C:\Program Files\Java\jdk-17\bin;C:\Program Files\MySQL\MySQL Shell 8.0\bin\;C:\Users\DUBAI LAPTOP BAZAR\AppData\Local\Programs\Python\Python313\Scripts\;C:\Users\DUBAI LAPTOP BAZAR\AppData\Local\Programs\Python\Python313\;C:\Users\DUBAI LAPTOP BAZAR\AppData\Local\Programs\Python\Python311\Scripts\;C:\Users\DUBAI LAPTOP BAZAR\AppData\Local\Programs\Python\Python311\;C:\Users\DUBAI LAPTOP BAZAR\AppData\Local\Microsoft\WindowsApps;C:\Users\DUBAI LAPTOP BAZAR\AppData\Local\Programs\Microsoft VS Code\bin;C:\Program Files\JetBrains\PyCharm Community Edition 2024.3\bin;
USERNAME=DUBAI LAPTOP BAZAR
OS=Windows_NT
PROCESSOR_IDENTIFIER=Intel64 Family 6 Model 142 Stepping 12, GenuineIntel
TMP=C:\Users\DUBAIL~1\AppData\Local\Temp
TEMP=C:\Users\DUBAIL~1\AppData\Local\Temp




Periodic native trim disabled

---------------  S Y S T E M  ---------------

OS:
 Windows 10 , 64 bit Build 19041 (10.0.19041.5198)
OS uptime: 1 days 0:38 hours

CPU: total 8 (initial active 8) (4 cores per cpu, 2 threads per core) family 6 model 142 stepping 12 microcode 0xf8, cx8, cmov, fxsr, ht, mmx, 3dnowpref, sse, sse2, sse3, ssse3, sse4.1, sse4.2, popcnt, lzcnt, tsc, tscinvbit, avx, avx2, aes, erms, clmul, bmi1, bmi2, adx, fma, vzeroupper, clflush, clflushopt, rdtscp, f16c
Processor Information for all 8 processors :
  Max Mhz: 1896, Current Mhz: 1596, Mhz Limit: 1592

Memory: 4k page, system-wide physical 7902M (1401M free)
TotalPageFile size 20721M (AvailPageFile size 268M)
current process WorkingSet (physical memory assigned to process): 140M, peak: 143M
current process commit charge ("private bytes"): 223M, peak: 239M

vm_info: Java HotSpot(TM) 64-Bit Server VM (22.0.1+8-16) for windows-amd64 JRE (22.0.1+8-16), built on 2024-03-12T10:33:16Z by "mach5one" with MS VC++ 17.6 (VS2022)

END.
